#
# There is insufficient memory for the Java Runtime Environment to continue.
# Native memory allocation (malloc) failed to allocate 1048576 bytes for AllocateHeap
# Possible reasons:
#   The system is out of physical RAM or swap space
#   The process is running with CompressedOops enabled, and the Java Heap may be blocking the growth of the native heap
# Possible solutions:
#   Reduce memory load on the system
#   Increase physical memory or swap space
#   Check if swap backing store is full
#   Decrease Java heap size (-Xmx/-Xms)
#   Decrease number of Java threads
#
Out of Memory Error (./src/hotspot/share/memory/allocation.cpp:46), pid=6280, tid=8760
#
# JRE version: OpenJDK Runtime Environment (11.0.11+9) (build 11.0.11+9-b60-7590822)
# Java VM: OpenJDK 64-Bit Server VM (11.0.11+9-b60-7590822, mixed mode, tiered, compressed oops, g1 gc, windows-amd64)
# No core dump will be written. Minidumps are not enabled by default on client versions of Windows
#

---------------  S U M M A R Y ------------

Command Line: --add-opens=java.base/java.util=ALL-UNNAMED --add-opens=java.base/java.lang=ALL-UNNAMED --add-opens=java.base/java.lang.invoke=ALL-UNNAMED --add-opens=java.base/java.util=ALL-UNNAMED --add-opens=java.prefs/java.util.prefs=ALL-UNNAMED --add-opens=java.prefs/java.util.prefs=ALL-UNNAMED --add-opens=java.base/java.nio.charset=ALL-UNNAMED --add-opens=java.base/java.net=ALL-UNNAMED --add-opens=java.base/java.util.concurrent.atomic=ALL-UNNAMED -Xmx2048m -Dfile.encoding=UTF-8 -Duser.country=US -Duser.language=en -Duser.variant org.gradle.launcher.daemon.bootstrap.GradleDaemon 7.2

Host: Intel(R) Celeron(R) N4500 @ 1.10GHz, 2 cores, 7G,  Windows 10 , 64 bit Build 19041 (10.0.19041.1348)
Time: Fri Mar 18 09:44:25 2022 Nepal Standard Time elapsed time: 22.638049 seconds (0d 0h 0m 22s)

---------------  T H R E A D  ---------------

Current thread (0x000001c5cff3d000):  VMThread "VM Thread" [stack: 0x0000002fdc600000,0x0000002fdc700000] [id=8760]

Stack: [0x0000002fdc600000,0x0000002fdc700000]
[error occurred during error reporting (printing stack bounds), id 0xc0000005, EXCEPTION_ACCESS_VIOLATION (0xc0000005) at pc=0x000001c5b9b10f3d]


[error occurred during error reporting (printing native stack), id 0xc00000fd, EXCEPTION_STACK_OVERFLOW (0xc00000fd) at pc=0x00007ff90fbca7b8]

VM_Operation (0x0000002fdd9f4cc0): CollectForMetadataAllocation, mode: safepoint, requested by thread 0x000001c5d1c2d800


---------------  P R O C E S S  ---------------

Threads class SMR info:
_java_thread_list=0x000001c5d23e8170, length=34, elements={
0x000001c5b5ff7800, 0x000001c5cff42000, 0x000001c5cff43800, 0x000001c5cff59000,
0x000001c5cff5b000, 0x000001c5cff5d000, 0x000001c5cff61000, 0x000001c5cff8a000,
0x000001c5d0927000, 0x000001c5d0a15800, 0x000001c5d166a000, 0x000001c5d247e800,
0x000001c5d23bd800, 0x000001c5d21a5800, 0x000001c5d19b6800, 0x000001c5d3007800,
0x000001c5d1c2d800, 0x000001c5d1a83000, 0x000001c5d2e8e000, 0x000001c5d2e8e800,
0x000001c5d2e8f800, 0x000001c5d2e90800, 0x000001c5d2e36800, 0x000001c5d2e3a000,
0x000001c5d2e38800, 0x000001c5d2e37800, 0x000001c5d2e39000, 0x000001c5d2e3b800,
0x000001c5d2e3a800, 0x000001c5d2e36000, 0x000001c5d2e3f800, 0x000001c5d2e3e000,
0x000001c5d2e42000, 0x000001c5d2e3f000
}

Java Threads: ( => current thread )
  0x000001c5b5ff7800 JavaThread "main" [_thread_blocked, id=11152, stack(0x0000002fdbf00000,0x0000002fdc000000)]
  0x000001c5cff42000 JavaThread "Reference Handler" daemon [_thread_blocked, id=8312, stack(0x0000002fdc700000,0x0000002fdc800000)]
  0x000001c5cff43800 JavaThread "Finalizer" daemon [_thread_blocked, id=3184, stack(0x0000002fdc800000,0x0000002fdc900000)]
  0x000001c5cff59000 JavaThread "Signal Dispatcher" daemon [_thread_blocked, id=8704, stack(0x0000002fdc900000,0x0000002fdca00000)]
  0x000001c5cff5b000 JavaThread "Attach Listener" daemon [_thread_blocked, id=3396, stack(0x0000002fdca00000,0x0000002fdcb00000)]
  0x000001c5cff5d000 JavaThread "Service Thread" daemon [_thread_blocked, id=2564, stack(0x0000002fdcb00000,0x0000002fdcc00000)]
  0x000001c5cff61000 JavaThread "C2 CompilerThread0" daemon [_thread_blocked, id=2928, stack(0x0000002fdcc00000,0x0000002fdcd00000)]
  0x000001c5cff8a000 JavaThread "C1 CompilerThread0" daemon [_thread_blocked, id=1604, stack(0x0000002fdcd00000,0x0000002fdce00000)]
  0x000001c5d0927000 JavaThread "Sweeper thread" daemon [_thread_blocked, id=10040, stack(0x0000002fdce00000,0x0000002fdcf00000)]
  0x000001c5d0a15800 JavaThread "Common-Cleaner" daemon [_thread_blocked, id=5636, stack(0x0000002fdcf00000,0x0000002fdd000000)]
  0x000001c5d166a000 JavaThread "Daemon health stats" [_thread_blocked, id=8648, stack(0x0000002fdd200000,0x0000002fdd300000)]
  0x000001c5d247e800 JavaThread "Incoming local TCP Connector on port 49228" [_thread_in_native, id=2768, stack(0x0000002fdd400000,0x0000002fdd500000)]
  0x000001c5d23bd800 JavaThread "Daemon periodic checks" [_thread_blocked, id=9080, stack(0x0000002fdd500000,0x0000002fdd600000)]
  0x000001c5d21a5800 JavaThread "Daemon" [_thread_blocked, id=8572, stack(0x0000002fdd600000,0x0000002fdd700000)]
  0x000001c5d19b6800 JavaThread "Handler for socket connection from /127.0.0.1:49228 to /127.0.0.1:49229" [_thread_in_native, id=9996, stack(0x0000002fdd700000,0x0000002fdd800000)]
  0x000001c5d3007800 JavaThread "Cancel handler" [_thread_blocked, id=7180, stack(0x0000002fdd800000,0x0000002fdd900000)]
  0x000001c5d1c2d800 JavaThread "Daemon worker" [_thread_blocked, id=8096, stack(0x0000002fdd900000,0x0000002fdda00000)]
  0x000001c5d1a83000 JavaThread "Asynchronous log dispatcher for DefaultDaemonConnection: socket connection from /127.0.0.1:49228 to /127.0.0.1:49229" [_thread_blocked, id=5908, stack(0x0000002fdda00000,0x0000002fddb00000)]
  0x000001c5d2e8e000 JavaThread "Stdin handler" [_thread_blocked, id=7192, stack(0x0000002fddb00000,0x0000002fddc00000)]
  0x000001c5d2e8e800 JavaThread "Daemon client event forwarder" [_thread_blocked, id=2512, stack(0x0000002fddc00000,0x0000002fddd00000)]
  0x000001c5d2e8f800 JavaThread "Cache worker for journal cache (C:\Users\Admin\.gradle\caches\journal-1)" [_thread_blocked, id=5692, stack(0x0000002fddd00000,0x0000002fdde00000)]
  0x000001c5d2e90800 JavaThread "File lock request listener" [_thread_in_native, id=10348, stack(0x0000002fdde00000,0x0000002fddf00000)]
  0x000001c5d2e36800 JavaThread "Cache worker for file hash cache (C:\Users\Admin\.gradle\caches\7.2\fileHashes)" [_thread_blocked, id=10212, stack(0x0000002fddf00000,0x0000002fde000000)]
  0x000001c5d2e3a000 JavaThread "Cache worker for file hash cache (C:\Users\Admin\AndroidStudioProjects\lifecycle\.gradle\7.2\fileHashes)" [_thread_blocked, id=5156, stack(0x0000002fde000000,0x0000002fde100000)]
  0x000001c5d2e38800 JavaThread "File watcher server" daemon [_thread_in_native, id=8292, stack(0x0000002fde100000,0x0000002fde200000)]
  0x000001c5d2e37800 JavaThread "File watcher consumer" daemon [_thread_blocked, id=11108, stack(0x0000002fde200000,0x0000002fde300000)]
  0x000001c5d2e39000 JavaThread "Cache worker for checksums cache (C:\Users\Admin\AndroidStudioProjects\lifecycle\.gradle\checksums)" [_thread_blocked, id=3384, stack(0x0000002fde300000,0x0000002fde400000)]
  0x000001c5d2e3b800 JavaThread "Cache worker for cache directory md-supplier (C:\Users\Admin\.gradle\caches\7.2\md-supplier)" [_thread_blocked, id=1032, stack(0x0000002fde400000,0x0000002fde500000)]
  0x000001c5d2e3a800 JavaThread "Cache worker for cache directory md-rule (C:\Users\Admin\.gradle\caches\7.2\md-rule)" [_thread_blocked, id=8768, stack(0x0000002fde500000,0x0000002fde600000)]
  0x000001c5d2e36000 JavaThread "Cache worker for execution history cache (C:\Users\Admin\.gradle\caches\7.2\executionHistory)" [_thread_blocked, id=2228, stack(0x0000002fde600000,0x0000002fde700000)]
  0x000001c5d2e3f800 JavaThread "jar transforms" [_thread_blocked, id=4484, stack(0x0000002fde700000,0x0000002fde800000)]
  0x000001c5d2e3e000 JavaThread "Cache worker for file content cache (C:\Users\Admin\.gradle\caches\7.2\fileContent)" [_thread_blocked, id=5028, stack(0x0000002fde800000,0x0000002fde900000)]
  0x000001c5d2e42000 JavaThread "jar transforms Thread 2" [_thread_blocked, id=4752, stack(0x0000002fde900000,0x0000002fdea00000)]
  0x000001c5d2e3f000 JavaThread "Cache worker for dependencies-accessors (C:\Users\Admin\AndroidStudioProjects\lifecycle\.gradle\7.2\dependencies-accessors)" [_thread_blocked, id=5880, stack(0x0000002fdea00000,0x0000002fdeb00000)]

Other Threads:
=>0x000001c5cff3d000 VMThread "VM Thread" [stack: 0x0000002fdc600000,0x0000002fdc700000] [id=8760]
  0x000001c5d0a4f800 WatcherThread [stack: 0x0000002fdd000000,0x0000002fdd100000] [id=792]
  0x000001c5b600f800 GCTaskThread "GC Thread#0" [stack: 0x0000002fdc100000,0x0000002fdc200000] [id=10600]
  0x000001c5d0c01800 GCTaskThread "GC Thread#1" [stack: 0x0000002fdd100000,0x0000002fdd200000] [id=5540]
  0x000001c5b6040000 ConcurrentGCThread "G1 Main Marker" [stack: 0x0000002fdc200000,0x0000002fdc300000] [id=5828]
  0x000001c5b6041800 ConcurrentGCThread "G1 Conc#0" [stack: 0x0000002fdc300000,0x0000002fdc400000] [id=3584]
  0x000001c5b60c7800 ConcurrentGCThread "G1 Refine#0" [stack: 0x0000002fdc400000,0x0000002fdc500000] [id=1664]
  0x000001c5d18ce000 ConcurrentGCThread "G1 Refine#1" [stack: 0x0000002fdd300000,0x0000002fdd400000] [id=6756]
  0x000001c5b60c8800 ConcurrentGCThread "G1 Young RemSet Sampling" [stack: 0x0000002fdc500000,0x0000002fdc600000] [id=5804]

Threads with active compile tasks:

VM state:at safepoint (normal execution)

VM Mutex/Monitor currently owned by a thread:  ([mutex/lock_event])
[0x000001c5b5ff30a0] Threads_lock - owner thread: 0x000001c5cff3d000
[0x000001c5b5ff1c60] Heap_lock - owner thread: 0x000001c5d1c2d800

Heap address: 0x0000000080000000, size: 2048 MB, Compressed Oops mode: 32-bit
Narrow klass base: 0x0000000000000000, Narrow klass shift: 3
Compressed class space size: 1073741824 Address: 0x0000000100000000

Heap:
 garbage-first heap   total 129024K, used 28227K [0x0000000080000000, 0x0000000100000000)
  region size 1024K, 2 young (2048K), 2 survivors (2048K)
 Metaspace       used 40861K, capacity 41794K, committed 41852K, reserved 1093632K
  class space    used 5237K, capacity 5576K, committed 5632K, reserved 1048576K
Heap Regions: E=young(eden), S=young(survivor), O=old, HS=humongous(starts), HC=humongous(continues), CS=collection set, F=free, A=archive, TAMS=top-at-mark-start (previous, next)
|   0|0x0000000080000000, 0x0000000080100000, 0x0000000080100000|100%| O|  |TAMS 0x0000000080100000, 0x0000000080100000| Untracked 
|   1|0x0000000080100000, 0x0000000080200000, 0x0000000080200000|100%| O|  |TAMS 0x0000000080200000, 0x0000000080200000| Untracked 
|   2|0x0000000080200000, 0x0000000080300000, 0x0000000080300000|100%| O|  |TAMS 0x0000000080300000, 0x0000000080300000| Untracked 
|   3|0x0000000080300000, 0x0000000080400000, 0x0000000080400000|100%| O|  |TAMS 0x0000000080400000, 0x0000000080400000| Untracked 
|   4|0x0000000080400000, 0x0000000080500000, 0x0000000080500000|100%|HS|  |TAMS 0x0000000080500000, 0x0000000080500000| Complete 
|   5|0x0000000080500000, 0x0000000080600000, 0x0000000080600000|100%|HC|  |TAMS 0x0000000080600000, 0x0000000080600000| Complete 
|   6|0x0000000080600000, 0x0000000080700000, 0x0000000080700000|100%|HC|  |TAMS 0x0000000080700000, 0x0000000080700000| Complete 
|   7|0x0000000080700000, 0x0000000080800000, 0x0000000080800000|100%| O|  |TAMS 0x0000000080800000, 0x0000000080800000| Untracked 
|   8|0x0000000080800000, 0x0000000080900000, 0x0000000080900000|100%| O|  |TAMS 0x0000000080900000, 0x0000000080900000| Untracked 
|   9|0x0000000080900000, 0x0000000080a00000, 0x0000000080a00000|100%| O|  |TAMS 0x0000000080a00000, 0x0000000080a00000| Untracked 
|  10|0x0000000080a00000, 0x0000000080b00000, 0x0000000080b00000|100%| O|  |TAMS 0x0000000080b00000, 0x0000000080b00000| Untracked 
|  11|0x0000000080b00000, 0x0000000080c00000, 0x0000000080c00000|100%| O|  |TAMS 0x0000000080c00000, 0x0000000080c00000| Untracked 
|  12|0x0000000080c00000, 0x0000000080d00000, 0x0000000080d00000|100%| O|  |TAMS 0x0000000080d00000, 0x0000000080d00000| Untracked 
|  13|0x0000000080d00000, 0x0000000080e00000, 0x0000000080e00000|100%| O|  |TAMS 0x0000000080e00000, 0x0000000080e00000| Untracked 
|  14|0x0000000080e00000, 0x0000000080f00000, 0x0000000080f00000|100%| O|  |TAMS 0x0000000080f00000, 0x0000000080f00000| Untracked 
|  15|0x0000000080f00000, 0x0000000081000000, 0x0000000081000000|100%| O|  |TAMS 0x0000000081000000, 0x0000000081000000| Untracked 
|  16|0x0000000081000000, 0x0000000081100000, 0x0000000081100000|100%| O|  |TAMS 0x0000000081000a00, 0x0000000081100000| Untracked 
|  17|0x0000000081100000, 0x0000000081200000, 0x0000000081200000|100%| O|  |TAMS 0x0000000081100000, 0x0000000081200000| Untracked 
|  18|0x0000000081200000, 0x0000000081300000, 0x0000000081300000|100%| O|  |TAMS 0x0000000081200000, 0x0000000081300000| Untracked 
|  19|0x0000000081300000, 0x0000000081400000, 0x0000000081400000|100%| O|  |TAMS 0x0000000081300000, 0x0000000081400000| Untracked 
|  20|0x0000000081400000, 0x0000000081500000, 0x0000000081500000|100%| O|  |TAMS 0x0000000081400000, 0x0000000081500000| Untracked 
|  21|0x0000000081500000, 0x0000000081600000, 0x0000000081600000|100%| O|  |TAMS 0x0000000081500000, 0x0000000081600000| Untracked 
|  22|0x0000000081600000, 0x0000000081700000, 0x0000000081700000|100%| O|  |TAMS 0x0000000081600000, 0x0000000081700000| Untracked 
|  23|0x0000000081700000, 0x0000000081800000, 0x0000000081800000|100%| O|  |TAMS 0x0000000081700000, 0x0000000081800000| Untracked 
|  24|0x0000000081800000, 0x0000000081900000, 0x0000000081900000|100%| O|  |TAMS 0x0000000081800000, 0x0000000081900000| Untracked 
|  25|0x0000000081900000, 0x0000000081990e00, 0x0000000081a00000| 56%| O|  |TAMS 0x0000000081900000, 0x0000000081990e00| Untracked 
|  26|0x0000000081a00000, 0x0000000081a00000, 0x0000000081b00000|  0%| F|  |TAMS 0x0000000081a00000, 0x0000000081a00000| Untracked 
|  27|0x0000000081b00000, 0x0000000081b00000, 0x0000000081c00000|  0%| F|  |TAMS 0x0000000081b00000, 0x0000000081b00000| Untracked 
|  28|0x0000000081c00000, 0x0000000081c00000, 0x0000000081d00000|  0%| F|  |TAMS 0x0000000081c00000, 0x0000000081c00000| Untracked 
|  29|0x0000000081d00000, 0x0000000081d00000, 0x0000000081e00000|  0%| F|  |TAMS 0x0000000081d00000, 0x0000000081d00000| Untracked 
|  30|0x0000000081e00000, 0x0000000081e00000, 0x0000000081f00000|  0%| F|  |TAMS 0x0000000081e00000, 0x0000000081e00000| Untracked 
|  31|0x0000000081f00000, 0x0000000081f00000, 0x0000000082000000|  0%| F|  |TAMS 0x0000000081f00000, 0x0000000081f00000| Untracked 
|  32|0x0000000082000000, 0x0000000082000000, 0x0000000082100000|  0%| F|  |TAMS 0x0000000082000000, 0x0000000082000000| Untracked 
|  33|0x0000000082100000, 0x0000000082100000, 0x0000000082200000|  0%| F|  |TAMS 0x0000000082100000, 0x0000000082100000| Untracked 
|  34|0x0000000082200000, 0x0000000082200000, 0x0000000082300000|  0%| F|  |TAMS 0x0000000082200000, 0x0000000082200000| Untracked 
|  35|0x0000000082300000, 0x0000000082300000, 0x0000000082400000|  0%| F|  |TAMS 0x0000000082300000, 0x0000000082300000| Untracked 
|  36|0x0000000082400000, 0x0000000082400000, 0x0000000082500000|  0%| F|  |TAMS 0x0000000082400000, 0x0000000082400000| Untracked 
|  37|0x0000000082500000, 0x0000000082500000, 0x0000000082600000|  0%| F|  |TAMS 0x0000000082500000, 0x0000000082500000| Untracked 
|  38|0x0000000082600000, 0x0000000082600000, 0x0000000082700000|  0%| F|  |TAMS 0x0000000082600000, 0x0000000082600000| Untracked 
|  39|0x0000000082700000, 0x0000000082700000, 0x0000000082800000|  0%| F|  |TAMS 0x0000000082700000, 0x0000000082700000| Untracked 
|  40|0x0000000082800000, 0x0000000082800000, 0x0000000082900000|  0%| F|  |TAMS 0x0000000082800000, 0x0000000082800000| Untracked 
|  41|0x0000000082900000, 0x0000000082900000, 0x0000000082a00000|  0%| F|  |TAMS 0x0000000082900000, 0x0000000082900000| Untracked 
|  42|0x0000000082a00000, 0x0000000082a00000, 0x0000000082b00000|  0%| F|  |TAMS 0x0000000082a00000, 0x0000000082a00000| Untracked 
|  43|0x0000000082b00000, 0x0000000082b00000, 0x0000000082c00000|  0%| F|  |TAMS 0x0000000082b00000, 0x0000000082b00000| Untracked 
|  44|0x0000000082c00000, 0x0000000082c00000, 0x0000000082d00000|  0%| F|  |TAMS 0x0000000082c00000, 0x0000000082c00000| Untracked 
|  45|0x0000000082d00000, 0x0000000082d00000, 0x0000000082e00000|  0%| F|  |TAMS 0x0000000082d00000, 0x0000000082d00000| Untracked 
|  46|0x0000000082e00000, 0x0000000082e00000, 0x0000000082f00000|  0%| F|  |TAMS 0x0000000082e00000, 0x0000000082e00000| Untracked 
|  47|0x0000000082f00000, 0x0000000082f00000, 0x0000000083000000|  0%| F|  |TAMS 0x0000000082f00000, 0x0000000082f00000| Untracked 
|  48|0x0000000083000000, 0x0000000083000000, 0x0000000083100000|  0%| F|  |TAMS 0x0000000083000000, 0x0000000083000000| Untracked 
|  49|0x0000000083100000, 0x0000000083100000, 0x0000000083200000|  0%| F|  |TAMS 0x0000000083100000, 0x0000000083100000| Untracked 
|  50|0x0000000083200000, 0x0000000083200000, 0x0000000083300000|  0%| F|  |TAMS 0x0000000083200000, 0x0000000083200000| Untracked 
|  51|0x0000000083300000, 0x0000000083300000, 0x0000000083400000|  0%| F|  |TAMS 0x0000000083300000, 0x0000000083300000| Untracked 
|  52|0x0000000083400000, 0x0000000083400000, 0x0000000083500000|  0%| F|  |TAMS 0x0000000083400000, 0x0000000083400000| Untracked 
|  53|0x0000000083500000, 0x0000000083500000, 0x0000000083600000|  0%| F|  |TAMS 0x0000000083500000, 0x0000000083500000| Untracked 
|  54|0x0000000083600000, 0x0000000083600000, 0x0000000083700000|  0%| F|  |TAMS 0x0000000083600000, 0x0000000083600000| Untracked 
|  55|0x0000000083700000, 0x0000000083700000, 0x0000000083800000|  0%| F|  |TAMS 0x0000000083700000, 0x0000000083700000| Untracked 
|  56|0x0000000083800000, 0x0000000083800000, 0x0000000083900000|  0%| F|  |TAMS 0x0000000083800000, 0x0000000083800000| Untracked 
|  57|0x0000000083900000, 0x0000000083900000, 0x0000000083a00000|  0%| F|  |TAMS 0x0000000083900000, 0x0000000083900000| Untracked 
|  58|0x0000000083a00000, 0x0000000083a00000, 0x0000000083b00000|  0%| F|  |TAMS 0x0000000083a00000, 0x0000000083a00000| Untracked 
|  59|0x0000000083b00000, 0x0000000083b00000, 0x0000000083c00000|  0%| F|  |TAMS 0x0000000083b00000, 0x0000000083b00000| Untracked 
|  60|0x0000000083c00000, 0x0000000083c00000, 0x0000000083d00000|  0%| F|  |TAMS 0x0000000083c00000, 0x0000000083c00000| Untracked 
|  61|0x0000000083d00000, 0x0000000083d00000, 0x0000000083e00000|  0%| F|  |TAMS 0x0000000083d00000, 0x0000000083d00000| Untracked 
|  62|0x0000000083e00000, 0x0000000083e00000, 0x0000000083f00000|  0%| F|  |TAMS 0x0000000083e00000, 0x0000000083e00000| Untracked 
|  63|0x0000000083f00000, 0x0000000083f00000, 0x0000000084000000|  0%| F|  |TAMS 0x0000000083f00000, 0x0000000083f00000| Untracked 
|  64|0x0000000084000000, 0x0000000084000000, 0x0000000084100000|  0%| F|  |TAMS 0x0000000084000000, 0x0000000084000000| Untracked 
|  65|0x0000000084100000, 0x0000000084100000, 0x0000000084200000|  0%| F|  |TAMS 0x0000000084100000, 0x0000000084100000| Untracked 
|  66|0x0000000084200000, 0x0000000084200000, 0x0000000084300000|  0%| F|  |TAMS 0x0000000084200000, 0x0000000084200000| Untracked 
|  67|0x0000000084300000, 0x0000000084300000, 0x0000000084400000|  0%| F|  |TAMS 0x0000000084300000, 0x0000000084300000| Untracked 
|  68|0x0000000084400000, 0x0000000084400000, 0x0000000084500000|  0%| F|  |TAMS 0x0000000084400000, 0x0000000084400000| Untracked 
|  69|0x0000000084500000, 0x0000000084500000, 0x0000000084600000|  0%| F|  |TAMS 0x0000000084500000, 0x0000000084500000| Untracked 
|  70|0x0000000084600000, 0x0000000084600000, 0x0000000084700000|  0%| F|  |TAMS 0x0000000084600000, 0x0000000084600000| Untracked 
|  71|0x0000000084700000, 0x0000000084700000, 0x0000000084800000|  0%| F|  |TAMS 0x0000000084700000, 0x0000000084700000| Untracked 
|  72|0x0000000084800000, 0x0000000084800000, 0x0000000084900000|  0%| F|  |TAMS 0x0000000084800000, 0x0000000084800000| Untracked 
|  73|0x0000000084900000, 0x0000000084900000, 0x0000000084a00000|  0%| F|  |TAMS 0x0000000084900000, 0x0000000084900000| Untracked 
|  74|0x0000000084a00000, 0x0000000084a00000, 0x0000000084b00000|  0%| F|  |TAMS 0x0000000084a00000, 0x0000000084a00000| Untracked 
|  75|0x0000000084b00000, 0x0000000084b00000, 0x0000000084c00000|  0%| F|  |TAMS 0x0000000084b00000, 0x0000000084b00000| Untracked 
|  76|0x0000000084c00000, 0x0000000084c00000, 0x0000000084d00000|  0%| F|  |TAMS 0x0000000084c00000, 0x0000000084c00000| Untracked 
|  77|0x0000000084d00000, 0x0000000084d00000, 0x0000000084e00000|  0%| F|  |TAMS 0x0000000084d00000, 0x0000000084d00000| Untracked 
|  78|0x0000000084e00000, 0x0000000084e00000, 0x0000000084f00000|  0%| F|  |TAMS 0x0000000084e00000, 0x0000000084e00000| Untracked 
|  79|0x0000000084f00000, 0x0000000084f00000, 0x0000000085000000|  0%| F|  |TAMS 0x0000000084f00000, 0x0000000084f00000| Untracked 
|  80|0x0000000085000000, 0x0000000085000000, 0x0000000085100000|  0%| F|  |TAMS 0x0000000085000000, 0x0000000085000000| Untracked 
|  81|0x0000000085100000, 0x0000000085100000, 0x0000000085200000|  0%| F|  |TAMS 0x0000000085100000, 0x0000000085100000| Untracked 
|  82|0x0000000085200000, 0x0000000085200000, 0x0000000085300000|  0%| F|  |TAMS 0x0000000085200000, 0x0000000085200000| Untracked 
|  83|0x0000000085300000, 0x0000000085300000, 0x0000000085400000|  0%| F|  |TAMS 0x0000000085300000, 0x0000000085300000| Untracked 
|  84|0x0000000085400000, 0x0000000085400000, 0x0000000085500000|  0%| F|  |TAMS 0x0000000085400000, 0x0000000085400000| Untracked 
|  85|0x0000000085500000, 0x0000000085500000, 0x0000000085600000|  0%| F|  |TAMS 0x0000000085500000, 0x0000000085500000| Untracked 
|  86|0x0000000085600000, 0x0000000085600000, 0x0000000085700000|  0%| F|  |TAMS 0x0000000085600000, 0x0000000085600000| Untracked 
|  87|0x0000000085700000, 0x0000000085700000, 0x0000000085800000|  0%| F|  |TAMS 0x0000000085700000, 0x0000000085700000| Untracked 
|  88|0x0000000085800000, 0x0000000085800000, 0x0000000085900000|  0%| F|  |TAMS 0x0000000085800000, 0x0000000085800000| Untracked 
|  89|0x0000000085900000, 0x0000000085900000, 0x0000000085a00000|  0%| F|  |TAMS 0x0000000085900000, 0x0000000085900000| Untracked 
|  90|0x0000000085a00000, 0x0000000085a00000, 0x0000000085b00000|  0%| F|  |TAMS 0x0000000085a00000, 0x0000000085a00000| Untracked 
|  91|0x0000000085b00000, 0x0000000085b00000, 0x0000000085c00000|  0%| F|  |TAMS 0x0000000085b00000, 0x0000000085b00000| Untracked 
|  92|0x0000000085c00000, 0x0000000085c00000, 0x0000000085d00000|  0%| F|  |TAMS 0x0000000085c00000, 0x0000000085c00000| Untracked 
|  93|0x0000000085d00000, 0x0000000085d00000, 0x0000000085e00000|  0%| F|  |TAMS 0x0000000085d00000, 0x0000000085d00000| Untracked 
|  94|0x0000000085e00000, 0x0000000085e00000, 0x0000000085f00000|  0%| F|  |TAMS 0x0000000085e00000, 0x0000000085e00000| Untracked 
|  95|0x0000000085f00000, 0x0000000085f00000, 0x0000000086000000|  0%| F|  |TAMS 0x0000000085f00000, 0x0000000085f00000| Untracked 
|  96|0x0000000086000000, 0x0000000086000000, 0x0000000086100000|  0%| F|  |TAMS 0x0000000086000000, 0x0000000086000000| Untracked 
|  97|0x0000000086100000, 0x0000000086200000, 0x0000000086200000|100%| S|CS|TAMS 0x0000000086100000, 0x0000000086100000| Complete 
|  98|0x0000000086200000, 0x0000000086300000, 0x0000000086300000|100%| S|CS|TAMS 0x0000000086200000, 0x0000000086200000| Complete 
|  99|0x0000000086300000, 0x0000000086300000, 0x0000000086400000|  0%| F|  |TAMS 0x0000000086300000, 0x0000000086300000| Untracked 
| 100|0x0000000086400000, 0x0000000086400000, 0x0000000086500000|  0%| F|  |TAMS 0x0000000086400000, 0x0000000086400000| Untracked 
| 101|0x0000000086500000, 0x0000000086500000, 0x0000000086600000|  0%| F|  |TAMS 0x0000000086500000, 0x0000000086500000| Untracked 
| 102|0x0000000086600000, 0x0000000086600000, 0x0000000086700000|  0%| F|  |TAMS 0x0000000086600000, 0x0000000086600000| Untracked 
| 103|0x0000000086700000, 0x0000000086700000, 0x0000000086800000|  0%| F|  |TAMS 0x0000000086700000, 0x0000000086700000| Untracked 
| 104|0x0000000086800000, 0x0000000086800000, 0x0000000086900000|  0%| F|  |TAMS 0x0000000086800000, 0x0000000086800000| Untracked 
| 105|0x0000000086900000, 0x0000000086900000, 0x0000000086a00000|  0%| F|  |TAMS 0x0000000086900000, 0x0000000086900000| Untracked 
| 106|0x0000000086a00000, 0x0000000086a00000, 0x0000000086b00000|  0%| F|  |TAMS 0x0000000086a00000, 0x0000000086a00000| Untracked 
| 107|0x0000000086b00000, 0x0000000086b00000, 0x0000000086c00000|  0%| F|  |TAMS 0x0000000086b00000, 0x0000000086b00000| Untracked 
| 108|0x0000000086c00000, 0x0000000086c00000, 0x0000000086d00000|  0%| F|  |TAMS 0x0000000086c00000, 0x0000000086c00000| Untracked 
| 109|0x0000000086d00000, 0x0000000086d00000, 0x0000000086e00000|  0%| F|  |TAMS 0x0000000086d00000, 0x0000000086d00000| Untracked 
| 110|0x0000000086e00000, 0x0000000086e00000, 0x0000000086f00000|  0%| F|  |TAMS 0x0000000086e00000, 0x0000000086e00000| Untracked 
| 111|0x0000000086f00000, 0x0000000086f00000, 0x0000000087000000|  0%| F|  |TAMS 0x0000000086f00000, 0x0000000086f00000| Untracked 
| 112|0x0000000087000000, 0x0000000087000000, 0x0000000087100000|  0%| F|  |TAMS 0x0000000087000000, 0x0000000087000000| Untracked 
| 113|0x0000000087100000, 0x0000000087100000, 0x0000000087200000|  0%| F|  |TAMS 0x0000000087100000, 0x0000000087100000| Untracked 
| 114|0x0000000087200000, 0x0000000087200000, 0x0000000087300000|  0%| F|  |TAMS 0x0000000087200000, 0x0000000087200000| Untracked 
| 115|0x0000000087300000, 0x0000000087300000, 0x0000000087400000|  0%| F|  |TAMS 0x0000000087300000, 0x0000000087300000| Untracked 
| 116|0x0000000087400000, 0x0000000087400000, 0x0000000087500000|  0%| F|  |TAMS 0x0000000087400000, 0x0000000087400000| Untracked 
| 117|0x0000000087500000, 0x0000000087500000, 0x0000000087600000|  0%| F|  |TAMS 0x0000000087500000, 0x0000000087500000| Untracked 
| 118|0x0000000087600000, 0x0000000087600000, 0x0000000087700000|  0%| F|  |TAMS 0x0000000087600000, 0x0000000087600000| Untracked 
| 119|0x0000000087700000, 0x0000000087700000, 0x0000000087800000|  0%| F|  |TAMS 0x0000000087700000, 0x0000000087700000| Untracked 
| 120|0x0000000087800000, 0x0000000087800000, 0x0000000087900000|  0%| F|  |TAMS 0x0000000087800000, 0x0000000087800000| Untracked 
| 121|0x0000000087900000, 0x0000000087900000, 0x0000000087a00000|  0%| F|  |TAMS 0x0000000087900000, 0x0000000087900000| Untracked 
| 122|0x0000000087a00000, 0x0000000087a00000, 0x0000000087b00000|  0%| F|  |TAMS 0x0000000087a00000, 0x0000000087a00000| Untracked 
| 123|0x0000000087b00000, 0x0000000087b00000, 0x0000000087c00000|  0%| F|  |TAMS 0x0000000087b00000, 0x0000000087b00000| Untracked 
| 124|0x0000000087c00000, 0x0000000087c00000, 0x0000000087d00000|  0%| F|  |TAMS 0x0000000087c00000, 0x0000000087c00000| Untracked 
| 125|0x0000000087d00000, 0x0000000087d00000, 0x0000000087e00000|  0%| F|  |TAMS 0x0000000087d00000, 0x0000000087d00000| Untracked 

Card table byte_map: [0x000001c5c9320000,0x000001c5c9720000] _byte_map_base: 0x000001c5c8f20000

Marking Bits (Prev, Next): (CMBitMap*) 0x000001c5b60371e8, (CMBitMap*) 0x000001c5b6037220
 Prev Bits: [0x000001c5c9b20000, 0x000001c5cbb20000)
 Next Bits: [0x000001c5cbb20000, 0x000001c5cdb20000)

Polling page: 0x000001c5b49b0000

Metaspace:

Usage:
  Non-class:     35.37 MB capacity,    34.79 MB ( 98%) used,   497.88 KB (  1%) free+waste,    95.19 KB ( <1%) overhead. 
      Class:      5.45 MB capacity,     5.11 MB ( 94%) used,   293.43 KB (  5%) free+waste,    45.56 KB ( <1%) overhead. 
       Both:     40.81 MB capacity,    39.90 MB ( 98%) used,   791.30 KB (  2%) free+waste,   140.75 KB ( <1%) overhead. 

Virtual space:
  Non-class space:       44.00 MB reserved,      35.37 MB ( 80%) committed 
      Class space:        1.00 GB reserved,       5.50 MB ( <1%) committed 
             Both:        1.04 GB reserved,      40.87 MB (  4%) committed 

Chunk freelists:
   Non-Class:  2.00 KB
       Class:  24.00 KB
        Both:  26.00 KB

MaxMetaspaceSize: 17179869184.00 GB
CompressedClassSpaceSize: 1.00 GB

CodeHeap 'non-profiled nmethods': size=120064Kb used=1881Kb max_used=1881Kb free=118182Kb
 bounds [0x000001c5c15d0000, 0x000001c5c1840000, 0x000001c5c8b10000]
CodeHeap 'profiled nmethods': size=120000Kb used=8062Kb max_used=8062Kb free=111937Kb
 bounds [0x000001c5ba0a0000, 0x000001c5ba880000, 0x000001c5c15d0000]
CodeHeap 'non-nmethods': size=5696Kb used=2190Kb max_used=2230Kb free=3505Kb
 bounds [0x000001c5b9b10000, 0x000001c5b9d80000, 0x000001c5ba0a0000]
 total_blobs=4439 nmethods=3677 adapters=674
 compilation: enabled
              stopped_count=0, restarted_count=0
 full_count=0

Compilation events (20 events):
Event: 22.482 Thread 0x000001c5cff8a000 nmethod 3669 0x000001c5ba86d990 code [0x000001c5ba86dcc0, 0x000001c5ba86f1d8]
Event: 22.483 Thread 0x000001c5cff8a000 3670       3       java.net.URL::openConnection (9 bytes)
Event: 22.483 Thread 0x000001c5cff8a000 nmethod 3670 0x000001c5ba86f890 code [0x000001c5ba86fa40, 0x000001c5ba86fc08]
Event: 22.578 Thread 0x000001c5cff61000 nmethod 3665 0x000001c5c179df10 code [0x000001c5c179e1e0, 0x000001c5c17a0ec0]
Event: 22.585 Thread 0x000001c5cff8a000 3671       3       java.lang.invoke.LambdaForm$DMH/0x00000001002eec40::invokeStatic (30 bytes)
Event: 22.586 Thread 0x000001c5cff8a000 nmethod 3671 0x000001c5ba86fd10 code [0x000001c5ba86ff20, 0x000001c5ba870588]
Event: 22.586 Thread 0x000001c5cff8a000 3672       3       java.lang.invoke.AbstractValidatingLambdaMetafactory::validateMetafactoryArgs (607 bytes)
Event: 22.592 Thread 0x000001c5cff8a000 nmethod 3672 0x000001c5ba870710 code [0x000001c5ba871260, 0x000001c5ba878c18]
Event: 22.592 Thread 0x000001c5cff8a000 3673   !   3       java.lang.invoke.InnerClassLambdaMetafactory::buildCallSite (168 bytes)
Event: 22.595 Thread 0x000001c5cff8a000 nmethod 3673 0x000001c5ba87b610 code [0x000001c5ba87bb00, 0x000001c5ba87dda8]
Event: 22.595 Thread 0x000001c5cff8a000 3674       3       java.lang.invoke.MethodHandles$Lookup::resolveOrFail (39 bytes)
Event: 22.596 Thread 0x000001c5cff8a000 nmethod 3674 0x000001c5c17a2510 code [0x000001c5c17a27e0, 0x000001c5c17a3488]
Event: 22.596 Thread 0x000001c5cff8a000 3675       3       java.lang.invoke.MethodHandles$Lookup::getDirectMethodForConstant (72 bytes)
Event: 22.598 Thread 0x000001c5cff8a000 nmethod 3675 0x000001c5c17a3910 code [0x000001c5c17a3ca0, 0x000001c5c17a52c8]
Event: 22.598 Thread 0x000001c5cff8a000 3676       1       java.lang.reflect.Constructor::getSignature (5 bytes)
Event: 22.598 Thread 0x000001c5cff8a000 nmethod 3676 0x000001c5c17a5a90 code [0x000001c5c17a5c40, 0x000001c5c17a5cf8]
Event: 22.602 Thread 0x000001c5cff8a000 3677       3       org.gradle.internal.service.DefaultServiceRegistry$OwnServices::getAll (46 bytes)
Event: 22.602 Thread 0x000001c5cff8a000 nmethod 3677 0x000001c5ba87ed90 code [0x000001c5ba87efc0, 0x000001c5ba87f868]
Event: 22.604 Thread 0x000001c5cff8a000 3678       3       org.gradle.internal.logging.slf4j.OutputEventListenerBackedLogger::isDebugEnabled (5 bytes)
Event: 22.604 Thread 0x000001c5cff8a000 nmethod 3678 0x000001c5c17a5d90 code [0x000001c5c17a5f80, 0x000001c5c17a6368]

GC Heap History (20 events):
Event: 1.071 GC heap before
{Heap before GC invocations=0 (full 0):
 garbage-first heap   total 129024K, used 7168K [0x0000000080000000, 0x0000000100000000)
  region size 1024K, 7 young (7168K), 0 survivors (0K)
 Metaspace       used 6133K, capacity 6265K, committed 6528K, reserved 1056768K
  class space    used 536K, capacity 578K, committed 640K, reserved 1048576K
}
Event: 1.079 GC heap after
{Heap after GC invocations=1 (full 0):
 garbage-first heap   total 129024K, used 1385K [0x0000000080000000, 0x0000000100000000)
  region size 1024K, 1 young (1024K), 1 survivors (1024K)
 Metaspace       used 6133K, capacity 6265K, committed 6528K, reserved 1056768K
  class space    used 536K, capacity 578K, committed 640K, reserved 1048576K
}
Event: 4.584 GC heap before
{Heap before GC invocations=1 (full 0):
 garbage-first heap   total 129024K, used 83305K [0x0000000080000000, 0x0000000100000000)
  region size 1024K, 75 young (76800K), 1 survivors (1024K)
 Metaspace       used 14582K, capacity 14905K, committed 15104K, reserved 1062912K
  class space    used 1657K, capacity 1760K, committed 1792K, reserved 1048576K
}
Event: 4.598 GC heap after
{Heap after GC invocations=2 (full 0):
 garbage-first heap   total 129024K, used 15342K [0x0000000080000000, 0x0000000100000000)
  region size 1024K, 10 young (10240K), 10 survivors (10240K)
 Metaspace       used 14582K, capacity 14905K, committed 15104K, reserved 1062912K
  class space    used 1657K, capacity 1760K, committed 1792K, reserved 1048576K
}
Event: 6.710 GC heap before
{Heap before GC invocations=2 (full 0):
 garbage-first heap   total 129024K, used 16366K [0x0000000080000000, 0x0000000100000000)
  region size 1024K, 11 young (11264K), 10 survivors (10240K)
 Metaspace       used 15494K, capacity 15824K, committed 16000K, reserved 1062912K
  class space    used 1766K, capacity 1896K, committed 1920K, reserved 1048576K
}
Event: 6.721 GC heap after
{Heap after GC invocations=3 (full 0):
 garbage-first heap   total 129024K, used 15928K [0x0000000080000000, 0x0000000100000000)
  region size 1024K, 1 young (1024K), 1 survivors (1024K)
 Metaspace       used 15494K, capacity 15824K, committed 16000K, reserved 1062912K
  class space    used 1766K, capacity 1896K, committed 1920K, reserved 1048576K
}
Event: 8.703 GC heap before
{Heap before GC invocations=3 (full 0):
 garbage-first heap   total 129024K, used 31288K [0x0000000080000000, 0x0000000100000000)
  region size 1024K, 16 young (16384K), 1 survivors (1024K)
 Metaspace       used 18096K, capacity 18447K, committed 18688K, reserved 1064960K
  class space    used 2144K, capacity 2283K, committed 2304K, reserved 1048576K
}
Event: 8.707 GC heap after
{Heap after GC invocations=4 (full 0):
 garbage-first heap   total 129024K, used 16621K [0x0000000080000000, 0x0000000100000000)
  region size 1024K, 2 young (2048K), 2 survivors (2048K)
 Metaspace       used 18096K, capacity 18447K, committed 18688K, reserved 1064960K
  class space    used 2144K, capacity 2283K, committed 2304K, reserved 1048576K
}
Event: 10.530 GC heap before
{Heap before GC invocations=4 (full 0):
 garbage-first heap   total 129024K, used 37101K [0x0000000080000000, 0x0000000100000000)
  region size 1024K, 23 young (23552K), 2 survivors (2048K)
 Metaspace       used 20706K, capacity 21106K, committed 21296K, reserved 1069056K
  class space    used 2529K, capacity 2658K, committed 2688K, reserved 1048576K
}
Event: 10.535 GC heap after
{Heap after GC invocations=5 (full 0):
 garbage-first heap   total 129024K, used 17219K [0x0000000080000000, 0x0000000100000000)
  region size 1024K, 2 young (2048K), 2 survivors (2048K)
 Metaspace       used 20706K, capacity 21106K, committed 21296K, reserved 1069056K
  class space    used 2529K, capacity 2658K, committed 2688K, reserved 1048576K
}
Event: 13.061 GC heap before
{Heap before GC invocations=6 (full 0):
 garbage-first heap   total 129024K, used 56131K [0x0000000080000000, 0x0000000100000000)
  region size 1024K, 41 young (41984K), 2 survivors (2048K)
 Metaspace       used 24674K, capacity 25290K, committed 25392K, reserved 1071104K
  class space    used 3172K, capacity 3398K, committed 3456K, reserved 1048576K
}
Event: 13.069 GC heap after
{Heap after GC invocations=7 (full 0):
 garbage-first heap   total 129024K, used 18734K [0x0000000080000000, 0x0000000100000000)
  region size 1024K, 4 young (4096K), 4 survivors (4096K)
 Metaspace       used 24674K, capacity 25290K, committed 25392K, reserved 1071104K
  class space    used 3172K, capacity 3398K, committed 3456K, reserved 1048576K
}
Event: 16.622 GC heap before
{Heap before GC invocations=7 (full 0):
 garbage-first heap   total 129024K, used 71982K [0x0000000080000000, 0x0000000100000000)
  region size 1024K, 56 young (57344K), 4 survivors (4096K)
 Metaspace       used 29796K, capacity 30433K, committed 30512K, reserved 1075200K
  class space    used 3979K, capacity 4203K, committed 4224K, reserved 1048576K
}
Event: 16.633 GC heap after
{Heap after GC invocations=8 (full 0):
 garbage-first heap   total 129024K, used 20469K [0x0000000080000000, 0x0000000100000000)
  region size 1024K, 5 young (5120K), 5 survivors (5120K)
 Metaspace       used 29796K, capacity 30433K, committed 30512K, reserved 1075200K
  class space    used 3979K, capacity 4203K, committed 4224K, reserved 1048576K
}
Event: 18.694 GC heap before
{Heap before GC invocations=8 (full 0):
 garbage-first heap   total 129024K, used 37877K [0x0000000080000000, 0x0000000100000000)
  region size 1024K, 23 young (23552K), 5 survivors (5120K)
 Metaspace       used 34871K, capacity 35647K, committed 35708K, reserved 1081344K
  class space    used 4530K, capacity 4857K, committed 4864K, reserved 1048576K
}
Event: 18.709 GC heap after
{Heap after GC invocations=9 (full 0):
 garbage-first heap   total 129024K, used 22957K [0x0000000080000000, 0x0000000100000000)
  region size 1024K, 7 young (7168K), 7 survivors (7168K)
 Metaspace       used 34871K, capacity 35647K, committed 35708K, reserved 1081344K
  class space    used 4530K, capacity 4857K, committed 4864K, reserved 1048576K
}
Event: 21.060 GC heap before
{Heap before GC invocations=10 (full 0):
 garbage-first heap   total 129024K, used 74157K [0x0000000080000000, 0x0000000100000000)
  region size 1024K, 54 young (55296K), 7 survivors (7168K)
 Metaspace       used 38854K, capacity 39714K, committed 39804K, reserved 1083392K
  class space    used 4950K, capacity 5312K, committed 5376K, reserved 1048576K
}
Event: 21.103 GC heap after
{Heap after GC invocations=11 (full 0):
 garbage-first heap   total 129024K, used 26812K [0x0000000080000000, 0x0000000100000000)
  region size 1024K, 7 young (7168K), 7 survivors (7168K)
 Metaspace       used 38854K, capacity 39714K, committed 39804K, reserved 1083392K
  class space    used 4950K, capacity 5312K, committed 5376K, reserved 1048576K
}
Event: 22.616 GC heap before
{Heap before GC invocations=11 (full 0):
 garbage-first heap   total 129024K, used 53436K [0x0000000080000000, 0x0000000100000000)
  region size 1024K, 34 young (34816K), 7 survivors (7168K)
 Metaspace       used 40861K, capacity 41794K, committed 41852K, reserved 1091584K
  class space    used 5237K, capacity 5576K, committed 5632K, reserved 1048576K
}
Event: 22.634 GC heap after
{Heap after GC invocations=12 (full 0):
 garbage-first heap   total 129024K, used 28227K [0x0000000080000000, 0x0000000100000000)
  region size 1024K, 2 young (2048K), 2 survivors (2048K)
 Metaspace       used 40861K, capacity 41794K, committed 41852K, reserved 1091584K
  class space    used 5237K, capacity 5576K, committed 5632K, reserved 1048576K
}

Deoptimization events (20 events):
Event: 22.215 Thread 0x000001c5d1c2d800 DEOPT PACKING pc=0x000001c5c17896b0 sp=0x0000002fdd9f9310
Event: 22.215 Thread 0x000001c5d1c2d800 DEOPT UNPACKING pc=0x000001c5b9b362a9 sp=0x0000002fdd9f92c8 mode 2
Event: 22.257 Thread 0x000001c5d1c2d800 Uncommon trap: trap_request=0xffffffde fr.pc=0x000001c5c1744d28 relative=0x0000000000002fe8
Event: 22.257 Thread 0x000001c5d1c2d800 Uncommon trap: reason=class_check action=maybe_recompile pc=0x000001c5c1744d28 method=java.util.regex.Pattern$CharProperty.study(Ljava/util/regex/Pattern$TreeInfo;)Z @ 25 c2
Event: 22.257 Thread 0x000001c5d1c2d800 DEOPT PACKING pc=0x000001c5c1744d28 sp=0x0000002fdd9fa9f0
Event: 22.257 Thread 0x000001c5d1c2d800 DEOPT UNPACKING pc=0x000001c5b9b362a9 sp=0x0000002fdd9fa8e8 mode 2
Event: 22.453 Thread 0x000001c5d1c2d800 DEOPT PACKING pc=0x000001c5ba57caf9 sp=0x0000002fdd9fb6a0
Event: 22.453 Thread 0x000001c5d1c2d800 DEOPT UNPACKING pc=0x000001c5b9b366bf sp=0x0000002fdd9fab70 mode 0
Event: 22.474 Thread 0x000001c5d1c2d800 Uncommon trap: trap_request=0xffffffde fr.pc=0x000001c5c1744d28 relative=0x0000000000002fe8
Event: 22.474 Thread 0x000001c5d1c2d800 Uncommon trap: reason=class_check action=maybe_recompile pc=0x000001c5c1744d28 method=java.util.regex.Pattern$CharProperty.study(Ljava/util/regex/Pattern$TreeInfo;)Z @ 25 c2
Event: 22.474 Thread 0x000001c5d1c2d800 DEOPT PACKING pc=0x000001c5c1744d28 sp=0x0000002fdd9faa40
Event: 22.474 Thread 0x000001c5d1c2d800 DEOPT UNPACKING pc=0x000001c5b9b362a9 sp=0x0000002fdd9fa938 mode 2
Event: 22.482 Thread 0x000001c5d1c2d800 Uncommon trap: trap_request=0xffffffde fr.pc=0x000001c5c1744d28 relative=0x0000000000002fe8
Event: 22.482 Thread 0x000001c5d1c2d800 Uncommon trap: reason=class_check action=maybe_recompile pc=0x000001c5c1744d28 method=java.util.regex.Pattern$CharProperty.study(Ljava/util/regex/Pattern$TreeInfo;)Z @ 25 c2
Event: 22.482 Thread 0x000001c5d1c2d800 DEOPT PACKING pc=0x000001c5c1744d28 sp=0x0000002fdd9faa40
Event: 22.482 Thread 0x000001c5d1c2d800 DEOPT UNPACKING pc=0x000001c5b9b362a9 sp=0x0000002fdd9fa938 mode 2
Event: 22.483 Thread 0x000001c5d1c2d800 Uncommon trap: trap_request=0xffffffde fr.pc=0x000001c5c1744d28 relative=0x0000000000002fe8
Event: 22.483 Thread 0x000001c5d1c2d800 Uncommon trap: reason=class_check action=maybe_recompile pc=0x000001c5c1744d28 method=java.util.regex.Pattern$CharProperty.study(Ljava/util/regex/Pattern$TreeInfo;)Z @ 25 c2
Event: 22.483 Thread 0x000001c5d1c2d800 DEOPT PACKING pc=0x000001c5c1744d28 sp=0x0000002fdd9faa40
Event: 22.484 Thread 0x000001c5d1c2d800 DEOPT UNPACKING pc=0x000001c5b9b362a9 sp=0x0000002fdd9fa938 mode 2

Classes redefined (0 events):
No events

Internal exceptions (20 events):
Event: 21.783 Thread 0x000001c5d1c2d800 Exception <a 'java/lang/NoSuchMethodError'{0x00000000876bafe8}: 'void java.lang.invoke.DirectMethodHandle$Holder.invokeInterface(java.lang.Object, java.lang.Object)'> (0x00000000876bafe8) thrown at [./src/hotspot/share/interpreter/linkResolver.cpp, line 773]
Event: 21.942 Thread 0x000001c5d1c2d800 Exception <a 'java/lang/ClassNotFoundException'{0x00000000874685b0}: settings_a6csqf25g9b71jrdr6hphpl7uBeanInfo> (0x00000000874685b0) thrown at [./src/hotspot/share/classfile/systemDictionary.cpp, line 231]
Event: 21.942 Thread 0x000001c5d1c2d800 Exception <a 'java/lang/ClassNotFoundException'{0x0000000087473d20}: settings_a6csqf25g9b71jrdr6hphpl7uCustomizer> (0x0000000087473d20) thrown at [./src/hotspot/share/classfile/systemDictionary.cpp, line 231]
Event: 21.959 Thread 0x000001c5d1c2d800 Exception <a 'java/lang/ClassNotFoundException'{0x00000000873983c8}: org/gradle/internal/management/DefaultDependencyResolutionManagement_DecoratedBeanInfo> (0x00000000873983c8) thrown at [./src/hotspot/share/classfile/systemDictionary.cpp, line 231]
Event: 21.960 Thread 0x000001c5d1c2d800 Exception <a 'java/lang/ClassNotFoundException'{0x00000000873d15c8}: org/gradle/internal/management/DefaultDependencyResolutionManagementBeanInfo> (0x00000000873d15c8) thrown at [./src/hotspot/share/classfile/systemDictionary.cpp, line 231]
Event: 21.961 Thread 0x000001c5d1c2d800 Exception <a 'java/lang/ClassNotFoundException'{0x000000008720b378}: org/gradle/internal/management/DefaultDependencyResolutionManagementCustomizer> (0x000000008720b378) thrown at [./src/hotspot/share/classfile/systemDictionary.cpp, line 231]
Event: 21.966 Thread 0x000001c5d1c2d800 Exception <a 'java/lang/ClassNotFoundException'{0x000000008725a5d0}: org/gradle/internal/management/DefaultDependencyResolutionManagement_DecoratedCustomizer> (0x000000008725a5d0) thrown at [./src/hotspot/share/classfile/systemDictionary.cpp, line 231]
Event: 22.068 Thread 0x000001c5d1c2d800 Exception <a 'java/lang/ClassNotFoundException'{0x00000000872e5fd0}: org/gradle/api/initialization/resolve/RepositoriesModeBeanInfo> (0x00000000872e5fd0) thrown at [./src/hotspot/share/classfile/systemDictionary.cpp, line 231]
Event: 22.068 Thread 0x000001c5d1c2d800 Exception <a 'java/lang/ClassNotFoundException'{0x00000000872eae98}: java/lang/EnumBeanInfo> (0x00000000872eae98) thrown at [./src/hotspot/share/classfile/systemDictionary.cpp, line 231]
Event: 22.069 Thread 0x000001c5d1c2d800 Exception <a 'java/lang/ClassNotFoundException'{0x00000000872efd80}: java/lang/EnumCustomizer> (0x00000000872efd80) thrown at [./src/hotspot/share/classfile/systemDictionary.cpp, line 231]
Event: 22.071 Thread 0x000001c5d1c2d800 Exception <a 'java/lang/ClassNotFoundException'{0x000000008711eb40}: org/gradle/api/initialization/resolve/RepositoriesModeCustomizer> (0x000000008711eb40) thrown at [./src/hotspot/share/classfile/systemDictionary.cpp, line 231]
Event: 22.078 Thread 0x000001c5d1c2d800 Exception <a 'java/lang/ClassNotFoundException'{0x00000000871a97b8}: org/gradle/api/internal/provider/DefaultPropertyBeanInfo> (0x00000000871a97b8) thrown at [./src/hotspot/share/classfile/systemDictionary.cpp, line 231]
Event: 22.078 Thread 0x000001c5d1c2d800 Exception <a 'java/lang/ClassNotFoundException'{0x00000000871cfa00}: org/gradle/api/internal/provider/AbstractPropertyBeanInfo> (0x00000000871cfa00) thrown at [./src/hotspot/share/classfile/systemDictionary.cpp, line 231]
Event: 22.079 Thread 0x000001c5d1c2d800 Exception <a 'java/lang/ClassNotFoundException'{0x00000000871f7e28}: org/gradle/api/internal/provider/AbstractMinimalProviderBeanInfo> (0x00000000871f7e28) thrown at [./src/hotspot/share/classfile/systemDictionary.cpp, line 231]
Event: 22.080 Thread 0x000001c5d1c2d800 Exception <a 'java/lang/ClassNotFoundException'{0x00000000870211a8}: org/gradle/api/internal/provider/AbstractMinimalProviderCustomizer> (0x00000000870211a8) thrown at [./src/hotspot/share/classfile/systemDictionary.cpp, line 231]
Event: 22.085 Thread 0x000001c5d1c2d800 Exception <a 'java/lang/ClassNotFoundException'{0x0000000087081a38}: org/gradle/api/internal/provider/AbstractPropertyCustomizer> (0x0000000087081a38) thrown at [./src/hotspot/share/classfile/systemDictionary.cpp, line 231]
Event: 22.086 Thread 0x000001c5d1c2d800 Exception <a 'java/lang/ClassNotFoundException'{0x00000000870b43d0}: org/gradle/api/internal/provider/DefaultPropertyCustomizer> (0x00000000870b43d0) thrown at [./src/hotspot/share/classfile/systemDictionary.cpp, line 231]
Event: 22.195 Thread 0x000001c5d1c2d800 Exception <a 'java/lang/ClassNotFoundException'{0x0000000086ea94d0}: org/gradle/initialization/DefaultProjectDescriptorBeanInfo> (0x0000000086ea94d0) thrown at [./src/hotspot/share/classfile/systemDictionary.cpp, line 231]
Event: 22.200 Thread 0x000001c5d1c2d800 Exception <a 'java/lang/ClassNotFoundException'{0x0000000086ecf4d0}: org/gradle/initialization/DefaultProjectDescriptorCustomizer> (0x0000000086ecf4d0) thrown at [./src/hotspot/share/classfile/systemDictionary.cpp, line 231]
Event: 22.204 Thread 0x000001c5d1c2d800 Implicit null exception at 0x000001c5c16ff8ef to 0x000001c5c16ff998

Events (20 events):
Event: 22.609 loading class org/gradle/model/internal/manage/schema/CollectionSchema done
Event: 22.610 loading class org/gradle/model/internal/manage/schema/ManagedImplSchema
Event: 22.610 loading class org/gradle/model/internal/manage/schema/ManagedImplSchema done
Event: 22.610 loading class org/gradle/model/internal/manage/schema/AbstractModelSchema
Event: 22.610 loading class org/gradle/model/internal/manage/schema/AbstractModelSchema done
Event: 22.611 loading class org/gradle/model/internal/manage/schema/ModelSetSchema
Event: 22.611 loading class org/gradle/model/internal/manage/schema/ModelSetSchema done
Event: 22.611 loading class org/gradle/model/internal/manage/schema/CompositeSchema
Event: 22.611 loading class org/gradle/model/internal/manage/schema/CompositeSchema done
Event: 22.612 loading class org/gradle/model/internal/type/ModelType$1
Event: 22.612 loading class org/gradle/model/internal/type/ModelType$1 done
Event: 22.613 loading class org/gradle/model/ModelSet
Event: 22.613 loading class org/gradle/model/ModelSet done
Event: 22.613 loading class org/gradle/model/internal/type/ParameterizedTypeWrapper
Event: 22.613 loading class org/gradle/model/internal/type/ParameterizedTypeWrapper done
Event: 22.615 loading class org/gradle/model/internal/type/WildcardTypeWrapper
Event: 22.615 loading class org/gradle/model/internal/type/WildcardTypeWrapper done
Event: 22.615 loading class org/gradle/model/internal/type/WildcardWrapper
Event: 22.615 loading class org/gradle/model/internal/type/WildcardWrapper done
Event: 22.615 Executing VM operation: CollectForMetadataAllocation


Dynamic libraries:
0x00007ff770da0000 - 0x00007ff770daa000 	C:\Program Files\Android\Android Studio\jre\bin\java.exe
0x00007ff912250000 - 0x00007ff912445000 	C:\Windows\SYSTEM32\ntdll.dll
0x00007ff911360000 - 0x00007ff91141e000 	C:\Windows\System32\KERNEL32.DLL
0x00007ff90fe30000 - 0x00007ff9100f8000 	C:\Windows\System32\KERNELBASE.dll
0x00007ff90fb80000 - 0x00007ff90fc80000 	C:\Windows\System32\ucrtbase.dll
0x00007ff8f7890000 - 0x00007ff8f78a9000 	C:\Program Files\Android\Android Studio\jre\bin\jli.dll
0x00007ff9103c0000 - 0x00007ff910561000 	C:\Windows\System32\USER32.dll
0x00007ff90f960000 - 0x00007ff90f982000 	C:\Windows\System32\win32u.dll
0x00007ff911d80000 - 0x00007ff911dab000 	C:\Windows\System32\GDI32.dll
0x00007ff90fa70000 - 0x00007ff90fb7d000 	C:\Windows\System32\gdi32full.dll
0x00007ff9101f0000 - 0x00007ff91028d000 	C:\Windows\System32\msvcp_win.dll
0x00007ff8f1270000 - 0x00007ff8f1287000 	C:\Program Files\Android\Android Studio\jre\bin\VCRUNTIME140.dll
0x00007ff8fe230000 - 0x00007ff8fe4ca000 	C:\Windows\WinSxS\amd64_microsoft.windows.common-controls_6595b64144ccf1df_6.0.19041.1110_none_60b5254171f9507e\COMCTL32.dll
0x00007ff910c10000 - 0x00007ff910cae000 	C:\Windows\System32\msvcrt.dll
0x00007ff9120f0000 - 0x00007ff912120000 	C:\Windows\System32\IMM32.DLL
0x00007ff8dad50000 - 0x00007ff8daded000 	C:\Program Files\Android\Android Studio\jre\bin\msvcp140.dll
0x00007ff8df8c0000 - 0x00007ff8e0395000 	C:\Program Files\Android\Android Studio\jre\bin\server\jvm.dll
0x00007ff910a20000 - 0x00007ff910acc000 	C:\Windows\System32\ADVAPI32.dll
0x00007ff912050000 - 0x00007ff9120eb000 	C:\Windows\System32\sechost.dll
0x00007ff911e60000 - 0x00007ff911f8a000 	C:\Windows\System32\RPCRT4.dll
0x00007ff912120000 - 0x00007ff912128000 	C:\Windows\System32\PSAPI.DLL
0x00007ff9090a0000 - 0x00007ff9090a9000 	C:\Windows\SYSTEM32\WSOCK32.dll
0x00007ff9112f0000 - 0x00007ff91135b000 	C:\Windows\System32\WS2_32.dll
0x00007ff8f9980000 - 0x00007ff8f99a7000 	C:\Windows\SYSTEM32\WINMM.dll
0x00007ff8ff760000 - 0x00007ff8ff76a000 	C:\Windows\SYSTEM32\VERSION.dll
0x00007ff90d850000 - 0x00007ff90d862000 	C:\Windows\SYSTEM32\kernel.appcore.dll
0x00007ff901ca0000 - 0x00007ff901cb1000 	C:\Program Files\Android\Android Studio\jre\bin\verify.dll
0x00007ff8fbf10000 - 0x00007ff8fc0f4000 	C:\Windows\SYSTEM32\DBGHELP.DLL
0x00007ff8fbea0000 - 0x00007ff8fbecc000 	C:\Windows\SYSTEM32\dbgcore.DLL
0x00007ff910160000 - 0x00007ff9101e2000 	C:\Windows\System32\bcryptPrimitives.dll
0x00007ff901790000 - 0x00007ff9017b9000 	C:\Program Files\Android\Android Studio\jre\bin\java.dll
0x00007ff909090000 - 0x00007ff90909b000 	C:\Program Files\Android\Android Studio\jre\bin\jimage.dll
0x00007ff8fed20000 - 0x00007ff8fed38000 	C:\Program Files\Android\Android Studio\jre\bin\zip.dll
0x00007ff911630000 - 0x00007ff911d74000 	C:\Windows\System32\SHELL32.dll
0x00007ff90da50000 - 0x00007ff90e1e4000 	C:\Windows\SYSTEM32\windows.storage.dll
0x00007ff910660000 - 0x00007ff9109b5000 	C:\Windows\System32\combase.dll
0x00007ff90f3b0000 - 0x00007ff90f3de000 	C:\Windows\SYSTEM32\Wldp.dll
0x00007ff911db0000 - 0x00007ff911e5d000 	C:\Windows\System32\SHCORE.dll
0x00007ff9115d0000 - 0x00007ff911625000 	C:\Windows\System32\shlwapi.dll
0x00007ff90f8a0000 - 0x00007ff90f8bf000 	C:\Windows\SYSTEM32\profapi.dll
0x00007ff8fed00000 - 0x00007ff8fed1a000 	C:\Program Files\Android\Android Studio\jre\bin\net.dll
0x00007ff8fdad0000 - 0x00007ff8fdbdc000 	C:\Windows\SYSTEM32\WINHTTP.dll
0x00007ff90f0a0000 - 0x00007ff90f10a000 	C:\Windows\system32\mswsock.dll
0x00007ff8fecc0000 - 0x00007ff8fecd4000 	C:\Program Files\Android\Android Studio\jre\bin\nio.dll
0x00007ff8f8e70000 - 0x00007ff8f8e97000 	C:\Users\Admin\.gradle\native\e1d6ef7f7dcc3fd88c89a11ec53ec762bb8ba0a96d01ffa2cd45eb1d1d8dd5c5\windows-amd64\native-platform.dll
0x00007ff8dab60000 - 0x00007ff8daca4000 	C:\Users\Admin\.gradle\native\5664cfc778a61ccfe75a443a1ab52a65af34e5dc3c78e0209fed803814484fcb\windows-amd64\native-platform-file-events.dll
0x00007ff90b340000 - 0x00007ff90b34a000 	C:\Program Files\Android\Android Studio\jre\bin\management.dll
0x00007ff908d90000 - 0x00007ff908d9d000 	C:\Program Files\Android\Android Studio\jre\bin\management_ext.dll
0x00007ff90f290000 - 0x00007ff90f2a8000 	C:\Windows\SYSTEM32\CRYPTSP.dll
0x00007ff90e9c0000 - 0x00007ff90e9f4000 	C:\Windows\system32\rsaenh.dll
0x00007ff90f990000 - 0x00007ff90f9b7000 	C:\Windows\System32\bcrypt.dll
0x00007ff90f820000 - 0x00007ff90f84e000 	C:\Windows\SYSTEM32\USERENV.dll
0x00007ff90f2b0000 - 0x00007ff90f2bc000 	C:\Windows\SYSTEM32\CRYPTBASE.dll
0x00007ff90ed90000 - 0x00007ff90edcb000 	C:\Windows\SYSTEM32\IPHLPAPI.DLL
0x00007ff910ad0000 - 0x00007ff910ad8000 	C:\Windows\System32\NSI.dll
0x00007ff9019b0000 - 0x00007ff9019c7000 	C:\Windows\SYSTEM32\dhcpcsvc6.DLL
0x00007ff901920000 - 0x00007ff90193d000 	C:\Windows\SYSTEM32\dhcpcsvc.DLL
0x00007ff90edd0000 - 0x00007ff90ee9b000 	C:\Windows\SYSTEM32\DNSAPI.dll

dbghelp: loaded successfully - version: 4.0.5 - missing functions: none
symbol engine: initialized successfully - sym options: 0x614 - pdb path: .;C:\Program Files\Android\Android Studio\jre\bin;C:\Windows\SYSTEM32;C:\Windows\WinSxS\amd64_microsoft.windows.common-controls_6595b64144ccf1df_6.0.19041.1110_none_60b5254171f9507e;C:\Program Files\Android\Android Studio\jre\bin\server;C:\Users\Admin\.gradle\native\e1d6ef7f7dcc3fd88c89a11ec53ec762bb8ba0a96d01ffa2cd45eb1d1d8dd5c5\windows-amd64;C:\Users\Admin\.gradle\native\5664cfc778a61ccfe75a443a1ab52a65af34e5dc3c78e0209fed803814484fcb\windows-amd64

VM Arguments:
jvm_args: --add-opens=java.base/java.util=ALL-UNNAMED --add-opens=java.base/java.lang=ALL-UNNAMED --add-opens=java.base/java.lang.invoke=ALL-UNNAMED --add-opens=java.base/java.util=ALL-UNNAMED --add-opens=java.prefs/java.util.prefs=ALL-UNNAMED --add-opens=java.prefs/java.util.prefs=ALL-UNNAMED --add-opens=java.base/java.nio.charset=ALL-UNNAMED --add-opens=java.base/java.net=ALL-UNNAMED --add-opens=java.base/java.util.concurrent.atomic=ALL-UNNAMED -Xmx2048m -Dfile.encoding=UTF-8 -Duser.country=US -Duser.language=en -Duser.variant 
java_command: org.gradle.launcher.daemon.bootstrap.GradleDaemon 7.2
java_class_path (initial): C:\Users\Admin\.gradle\wrapper\dists\gradle-7.2-bin\2dnblmf4td7x66yl1d74lt32g\gradle-7.2\lib\gradle-launcher-7.2.jar
Launcher Type: SUN_STANDARD

[Global flags]
     intx CICompilerCount                          = 2                                         {product} {ergonomic}
     uint ConcGCThreads                            = 1                                         {product} {ergonomic}
     uint G1ConcRefinementThreads                  = 2                                         {product} {ergonomic}
   size_t G1HeapRegionSize                         = 1048576                                   {product} {ergonomic}
    uintx GCDrainStackTargetSize                   = 64                                        {product} {ergonomic}
   size_t InitialHeapSize                          = 132120576                                 {product} {ergonomic}
   size_t MarkStackSize                            = 4194304                                   {product} {ergonomic}
   size_t MaxHeapSize                              = 2147483648                                {product} {command line}
   size_t MaxNewSize                               = 1287651328                                {product} {ergonomic}
   size_t MinHeapDeltaBytes                        = 1048576                                   {product} {ergonomic}
    uintx NonNMethodCodeHeapSize                   = 5825164                                {pd product} {ergonomic}
    uintx NonProfiledCodeHeapSize                  = 122916538                              {pd product} {ergonomic}
    uintx ProfiledCodeHeapSize                     = 122916538                              {pd product} {ergonomic}
    uintx ReservedCodeCacheSize                    = 251658240                              {pd product} {ergonomic}
     bool SegmentedCodeCache                       = true                                      {product} {ergonomic}
     bool UseCompressedClassPointers               = true                                 {lp64_product} {ergonomic}
     bool UseCompressedOops                        = true                                 {lp64_product} {ergonomic}
     bool UseG1GC                                  = true                                      {product} {ergonomic}
     bool UseLargePagesIndividualAllocation        = false                                  {pd product} {ergonomic}

Logging:
Log output configuration:
 #0: stdout all=warning uptime,level,tags
 #1: stderr all=off uptime,level,tags

Environment Variables:
PATH=C:\Windows\system32;C:\Windows;C:\Windows\System32\Wbem;C:\Windows\System32\WindowsPowerShell\v1.0\;C:\Windows\System32\OpenSSH\;C:\Program Files\Git\cmd;C:\Users\Admin\AppData\Local\Microsoft\WindowsApps;
USERNAME=Admin
OS=Windows_NT
PROCESSOR_IDENTIFIER=Intel64 Family 6 Model 156 Stepping 0, GenuineIntel



---------------  S Y S T E M  ---------------

OS: Windows 10 , 64 bit Build 19041 (10.0.19041.1348)
OS uptime: 0 days 11:59 hours

CPU:total 2 (initial active 2) (2 cores per cpu, 1 threads per core) family 6 model 156 stepping 0 microcode 0x1d, cmov, cx8, fxsr, mmx, sse, sse2, sse3, ssse3, sse4.1, sse4.2, popcnt, aes, clmul, erms, 3dnowpref, tsc, tscinvbit, sha

Memory: 4k page, system-wide physical 7997M (296M free)
TotalPageFile size 23182M (AvailPageFile size 0M)
current process WorkingSet (physical memory assigned to process): 226M, peak: 226M
current process commit charge ("private bytes"): 285M, peak: 287M

vm_info: OpenJDK 64-Bit Server VM (11.0.11+9-b60-7590822) for windows-amd64 JRE (11.0.11+9-b60-7590822), built on Jul 29 2021 21:43:44 by "builder" with MS VC++ 14.0 (VS2015)

END.
