#
# There is insufficient memory for the Java Runtime Environment to continue.
# Native memory allocation (malloc) failed to allocate 1048576 bytes for AllocateHeap
# Possible reasons:
#   The system is out of physical RAM or swap space
#   The process is running with CompressedOops enabled, and the Java Heap may be blocking the growth of the native heap
# Possible solutions:
#   Reduce memory load on the system
#   Increase physical memory or swap space
#   Check if swap backing store is full
#   Decrease Java heap size (-Xmx/-Xms)
#   Decrease number of Java threads
#   Decrease Java thread stack sizes (-Xss)
#   Set larger code cache with -XX:ReservedCodeCacheSize=
#   JVM is running with Unscaled Compressed Oops mode in which the Java heap is
#     placed in the first 4GB address space. The Java Heap base address is the
#     maximum limit for the native heap growth. Please use -XX:HeapBaseMinAddress
#     to set the Java Heap base and to place the Java Heap above 4GB virtual address.
# This output file may be truncated or incomplete.
#
#  Out of Memory Error (./src/hotspot/share/memory/allocation.cpp:46), pid=5588, tid=10880
#
# JRE version: OpenJDK Runtime Environment (11.0.11+9) (build 11.0.11+9-b60-7590822)
# Java VM: OpenJDK 64-Bit Server VM (11.0.11+9-b60-7590822, mixed mode, tiered, compressed oops, g1 gc, windows-amd64)
# No core dump will be written. Minidumps are not enabled by default on client versions of Windows
#

---------------  S U M M A R Y ------------

Command Line: --add-opens=java.base/java.util=ALL-UNNAMED --add-opens=java.base/java.lang=ALL-UNNAMED --add-opens=java.base/java.lang.invoke=ALL-UNNAMED --add-opens=java.base/java.util=ALL-UNNAMED --add-opens=java.prefs/java.util.prefs=ALL-UNNAMED --add-opens=java.prefs/java.util.prefs=ALL-UNNAMED --add-opens=java.base/java.nio.charset=ALL-UNNAMED --add-opens=java.base/java.net=ALL-UNNAMED --add-opens=java.base/java.util.concurrent.atomic=ALL-UNNAMED -Xmx2048m -Dfile.encoding=UTF-8 -Duser.country=US -Duser.language=en -Duser.variant org.gradle.launcher.daemon.bootstrap.GradleDaemon 7.2

Host: Intel(R) Celeron(R) N4500 @ 1.10GHz, 2 cores, 7G,  Windows 10 , 64 bit Build 19041 (10.0.19041.1348)
Time: Fri Mar 18 09:39:54 2022 Nepal Standard Time elapsed time: 44.277150 seconds (0d 0h 0m 44s)

---------------  T H R E A D  ---------------

Current thread (0x0000017badf5a800):  VMThread "VM Thread" [stack: 0x00000030a5b00000,0x00000030a5c00000] [id=10880]

Stack: [0x00000030a5b00000,0x00000030a5c00000]
[error occurred during error reporting (printing stack bounds), id 0xc0000005, EXCEPTION_ACCESS_VIOLATION (0xc0000005) at pc=0x0000017b97b30f3d]

Native frames: (J=compiled Java code, j=interpreted, Vv=VM code, C=native code)
V  [jvm.dll+0x5f214a]
V  [jvm.dll+0x726fb5]
V  [jvm.dll+0x7285cd]
V  [jvm.dll+0x728be5]
V  [jvm.dll+0x728b9b]
V  [jvm.dll+0x5f14e8]
V  [jvm.dll+0x5f1c78]
C  [ntdll.dll+0xa20cf]
C  [ntdll.dll+0x51454]
C  [ntdll.dll+0xa0bfe]
C  0x0000017b97b30f3d

VM_Operation (0x00000030a6df9690): CollectForMetadataAllocation, mode: safepoint, requested by thread 0x0000017baf45c000


---------------  P R O C E S S  ---------------

Threads class SMR info:
_java_thread_list=0x0000017bb414ee70, length=57, elements={
0x0000017b94026800, 0x0000017badf61800, 0x0000017badf62800, 0x0000017badf7a800,
0x0000017badf7c000, 0x0000017badf7e000, 0x0000017badf80000, 0x0000017bae93b000,
0x0000017bae940800, 0x0000017baea3a800, 0x0000017bb0ae0000, 0x0000017baf26c000,
0x0000017bafb28000, 0x0000017bb05c0800, 0x0000017bafa4c800, 0x0000017bb0044000,
0x0000017baf45c000, 0x0000017bafdd5000, 0x0000017bb09cc800, 0x0000017bb09c6800,
0x0000017bb09c7800, 0x0000017bb09cd800, 0x0000017bb09cb000, 0x0000017bb09c8800,
0x0000017bb09c9000, 0x0000017bb09cb800, 0x0000017bb09ca000, 0x0000017bb0ecb800,
0x0000017bb0ece000, 0x0000017bb0ecb000, 0x0000017bb0ecd800, 0x0000017bb0eca000,
0x0000017bb0ec9000, 0x0000017bb0ecf800, 0x0000017bb338d000, 0x0000017bb338c000,
0x0000017bb338d800, 0x0000017bb338b000, 0x0000017bb3392800, 0x0000017bb3393800,
0x0000017bb3390000, 0x0000017bb3394000, 0x0000017bb338f000, 0x0000017bb338e800,
0x0000017bb3391800, 0x0000017bb3395000, 0x0000017bb3396000, 0x0000017bb3396800,
0x0000017bb3391000, 0x0000017bb3397800, 0x0000017bb3398000, 0x0000017bb3399000,
0x0000017bb339a000, 0x0000017bb12e5800, 0x0000017bb12e4000, 0x0000017bb12e8000,
0x0000017bb12e7000
}

Java Threads: ( => current thread )
  0x0000017b94026800 JavaThread "main" [_thread_blocked, id=3200, stack(0x00000030a5500000,0x00000030a5600000)]
  0x0000017badf61800 JavaThread "Reference Handler" daemon [_thread_blocked, id=8168, stack(0x00000030a5c00000,0x00000030a5d00000)]
  0x0000017badf62800 JavaThread "Finalizer" daemon [_thread_blocked, id=9020, stack(0x00000030a5d00000,0x00000030a5e00000)]
  0x0000017badf7a800 JavaThread "Signal Dispatcher" daemon [_thread_blocked, id=9680, stack(0x00000030a5e00000,0x00000030a5f00000)]
  0x0000017badf7c000 JavaThread "Attach Listener" daemon [_thread_blocked, id=3708, stack(0x00000030a5f00000,0x00000030a6000000)]
  0x0000017badf7e000 JavaThread "Service Thread" daemon [_thread_blocked, id=4212, stack(0x00000030a6000000,0x00000030a6100000)]
  0x0000017badf80000 JavaThread "C2 CompilerThread0" daemon [_thread_blocked, id=9016, stack(0x00000030a6100000,0x00000030a6200000)]
  0x0000017bae93b000 JavaThread "C1 CompilerThread0" daemon [_thread_blocked, id=10096, stack(0x00000030a6200000,0x00000030a6300000)]
  0x0000017bae940800 JavaThread "Sweeper thread" daemon [_thread_blocked, id=10680, stack(0x00000030a6300000,0x00000030a6400000)]
  0x0000017baea3a800 JavaThread "Common-Cleaner" daemon [_thread_blocked, id=10896, stack(0x00000030a6400000,0x00000030a6500000)]
  0x0000017bb0ae0000 JavaThread "Daemon health stats" [_thread_blocked, id=3256, stack(0x00000030a6700000,0x00000030a6800000)]
  0x0000017baf26c000 JavaThread "Incoming local TCP Connector on port 65466" [_thread_in_native, id=2212, stack(0x00000030a6800000,0x00000030a6900000)]
  0x0000017bafb28000 JavaThread "Daemon periodic checks" [_thread_blocked, id=2016, stack(0x00000030a6900000,0x00000030a6a00000)]
  0x0000017bb05c0800 JavaThread "Daemon" [_thread_blocked, id=8476, stack(0x00000030a6a00000,0x00000030a6b00000)]
  0x0000017bafa4c800 JavaThread "Handler for socket connection from /127.0.0.1:65466 to /127.0.0.1:65467" [_thread_in_native, id=10556, stack(0x00000030a6b00000,0x00000030a6c00000)]
  0x0000017bb0044000 JavaThread "Cancel handler" [_thread_blocked, id=2456, stack(0x00000030a6c00000,0x00000030a6d00000)]
  0x0000017baf45c000 JavaThread "Daemon worker" [_thread_blocked, id=2308, stack(0x00000030a6d00000,0x00000030a6e00000)]
  0x0000017bafdd5000 JavaThread "Asynchronous log dispatcher for DefaultDaemonConnection: socket connection from /127.0.0.1:65466 to /127.0.0.1:65467" [_thread_blocked, id=9756, stack(0x00000030a6e00000,0x00000030a6f00000)]
  0x0000017bb09cc800 JavaThread "Stdin handler" [_thread_blocked, id=10668, stack(0x00000030a6f00000,0x00000030a7000000)]
  0x0000017bb09c6800 JavaThread "Daemon client event forwarder" [_thread_blocked, id=11064, stack(0x00000030a7000000,0x00000030a7100000)]
  0x0000017bb09c7800 JavaThread "Cache worker for journal cache (C:\Users\Admin\.gradle\caches\journal-1)" [_thread_blocked, id=2516, stack(0x00000030a7100000,0x00000030a7200000)]
  0x0000017bb09cd800 JavaThread "File lock request listener" [_thread_in_native, id=6032, stack(0x00000030a7200000,0x00000030a7300000)]
  0x0000017bb09cb000 JavaThread "Cache worker for file hash cache (C:\Users\Admin\.gradle\caches\7.2\fileHashes)" [_thread_blocked, id=6848, stack(0x00000030a7300000,0x00000030a7400000)]
  0x0000017bb09c8800 JavaThread "Cache worker for file hash cache (C:\Users\Admin\AndroidStudioProjects\lifecycle\.gradle\7.2\fileHashes)" [_thread_blocked, id=8128, stack(0x00000030a7400000,0x00000030a7500000)]
  0x0000017bb09c9000 JavaThread "File watcher server" daemon [_thread_blocked, id=8104, stack(0x00000030a7500000,0x00000030a7600000)]
  0x0000017bb09cb800 JavaThread "File watcher consumer" daemon [_thread_blocked, id=10980, stack(0x00000030a7600000,0x00000030a7700000)]
  0x0000017bb09ca000 JavaThread "Cache worker for checksums cache (C:\Users\Admin\AndroidStudioProjects\lifecycle\.gradle\checksums)" [_thread_blocked, id=10596, stack(0x00000030a7700000,0x00000030a7800000)]
  0x0000017bb0ecb800 JavaThread "Cache worker for cache directory md-supplier (C:\Users\Admin\.gradle\caches\7.2\md-supplier)" [_thread_blocked, id=4940, stack(0x00000030a7800000,0x00000030a7900000)]
  0x0000017bb0ece000 JavaThread "Cache worker for cache directory md-rule (C:\Users\Admin\.gradle\caches\7.2\md-rule)" [_thread_blocked, id=1216, stack(0x00000030a7900000,0x00000030a7a00000)]
  0x0000017bb0ecb000 JavaThread "Cache worker for execution history cache (C:\Users\Admin\.gradle\caches\7.2\executionHistory)" [_thread_blocked, id=9088, stack(0x00000030a7a00000,0x00000030a7b00000)]
  0x0000017bb0ecd800 JavaThread "jar transforms" [_thread_blocked, id=10260, stack(0x00000030a7b00000,0x00000030a7c00000)]
  0x0000017bb0eca000 JavaThread "Cache worker for file content cache (C:\Users\Admin\.gradle\caches\7.2\fileContent)" [_thread_blocked, id=5196, stack(0x00000030a7c00000,0x00000030a7d00000)]
  0x0000017bb0ec9000 JavaThread "jar transforms Thread 2" [_thread_blocked, id=3560, stack(0x00000030a7d00000,0x00000030a7e00000)]
  0x0000017bb0ecf800 JavaThread "Cache worker for dependencies-accessors (C:\Users\Admin\AndroidStudioProjects\lifecycle\.gradle\7.2\dependencies-accessors)" [_thread_blocked, id=1076, stack(0x00000030a7e00000,0x00000030a7f00000)]
  0x0000017bb338d000 JavaThread "Cache worker for Build Output Cleanup Cache (C:\Users\Admin\AndroidStudioProjects\lifecycle\.gradle\buildOutputCleanup)" [_thread_blocked, id=3724, stack(0x00000030a7f00000,0x00000030a8000000)]
  0x0000017bb338c000 JavaThread "Unconstrained build operations" [_thread_blocked, id=10244, stack(0x00000030a8000000,0x00000030a8100000)]
  0x0000017bb338d800 JavaThread "Unconstrained build operations Thread 2" [_thread_blocked, id=7672, stack(0x00000030a8100000,0x00000030a8200000)]
  0x0000017bb338b000 JavaThread "Unconstrained build operations Thread 3" [_thread_blocked, id=7756, stack(0x00000030a8200000,0x00000030a8300000)]
  0x0000017bb3392800 JavaThread "Unconstrained build operations Thread 4" [_thread_blocked, id=11144, stack(0x00000030a8300000,0x00000030a8400000)]
  0x0000017bb3393800 JavaThread "Unconstrained build operations Thread 5" [_thread_blocked, id=7528, stack(0x00000030a8400000,0x00000030a8500000)]
  0x0000017bb3390000 JavaThread "Unconstrained build operations Thread 6" [_thread_blocked, id=2608, stack(0x00000030a8500000,0x00000030a8600000)]
  0x0000017bb3394000 JavaThread "Unconstrained build operations Thread 7" [_thread_blocked, id=6200, stack(0x00000030a8600000,0x00000030a8700000)]
  0x0000017bb338f000 JavaThread "Unconstrained build operations Thread 8" [_thread_blocked, id=7676, stack(0x00000030a8700000,0x00000030a8800000)]
  0x0000017bb338e800 JavaThread "Unconstrained build operations Thread 9" [_thread_blocked, id=11148, stack(0x00000030a8800000,0x00000030a8900000)]
  0x0000017bb3391800 JavaThread "Unconstrained build operations Thread 10" [_thread_blocked, id=2152, stack(0x00000030a8900000,0x00000030a8a00000)]
  0x0000017bb3395000 JavaThread "Unconstrained build operations Thread 11" [_thread_blocked, id=9868, stack(0x00000030a8a00000,0x00000030a8b00000)]
  0x0000017bb3396000 JavaThread "Unconstrained build operations Thread 12" [_thread_blocked, id=11032, stack(0x00000030a8b00000,0x00000030a8c00000)]
  0x0000017bb3396800 JavaThread "Unconstrained build operations Thread 13" [_thread_blocked, id=4652, stack(0x00000030a8c00000,0x00000030a8d00000)]
  0x0000017bb3391000 JavaThread "Unconstrained build operations Thread 14" [_thread_blocked, id=9656, stack(0x00000030a8d00000,0x00000030a8e00000)]
  0x0000017bb3397800 JavaThread "Unconstrained build operations Thread 15" [_thread_blocked, id=9220, stack(0x00000030a8e00000,0x00000030a8f00000)]
  0x0000017bb3398000 JavaThread "Unconstrained build operations Thread 16" [_thread_blocked, id=1656, stack(0x00000030a8f00000,0x00000030a9000000)]
  0x0000017bb3399000 JavaThread "Unconstrained build operations Thread 17" [_thread_blocked, id=8784, stack(0x00000030a9000000,0x00000030a9100000)]
  0x0000017bb339a000 JavaThread "Unconstrained build operations Thread 18" [_thread_blocked, id=9948, stack(0x00000030a9100000,0x00000030a9200000)]
  0x0000017bb12e5800 JavaThread "Unconstrained build operations Thread 19" [_thread_blocked, id=4648, stack(0x00000030a9200000,0x00000030a9300000)]
  0x0000017bb12e4000 JavaThread "Unconstrained build operations Thread 20" [_thread_blocked, id=8068, stack(0x00000030a9300000,0x00000030a9400000)]
  0x0000017bb12e8000 JavaThread "Memory manager" [_thread_blocked, id=2088, stack(0x00000030a9400000,0x00000030a9500000)]
  0x0000017bb12e7000 JavaThread "Cache worker for execution history cache (C:\Users\Admin\AndroidStudioProjects\lifecycle\.gradle\7.2\executionHistory)" [_thread_blocked, id=10588, stack(0x00000030a9700000,0x00000030a9800000)]

Other Threads:
=>0x0000017badf5a800 VMThread "VM Thread" [stack: 0x00000030a5b00000,0x00000030a5c00000] [id=10880]
  0x0000017baea5d000 WatcherThread [stack: 0x00000030a6500000,0x00000030a6600000] [id=6396]
  0x0000017b9403f000 GCTaskThread "GC Thread#0" [stack: 0x00000030a5600000,0x00000030a5700000] [id=3000]
  0x0000017baec1c800 GCTaskThread "GC Thread#1" [stack: 0x00000030a6600000,0x00000030a6700000] [id=10236]
  0x0000017b9406f000 ConcurrentGCThread "G1 Main Marker" [stack: 0x00000030a5700000,0x00000030a5800000] [id=2720]
  0x0000017b94070800 ConcurrentGCThread "G1 Conc#0" [stack: 0x00000030a5800000,0x00000030a5900000] [id=4324]
  0x0000017b940f6800 ConcurrentGCThread "G1 Refine#0" [stack: 0x00000030a5900000,0x00000030a5a00000] [id=10172]
  0x0000017b940f8000 ConcurrentGCThread "G1 Young RemSet Sampling" [stack: 0x00000030a5a00000,0x00000030a5b00000] [id=8632]

Threads with active compile tasks:

VM state:at safepoint (normal execution)

VM Mutex/Monitor currently owned by a thread:  ([mutex/lock_event])
[0x0000017b940241f0] Threads_lock - owner thread: 0x0000017badf5a800
[0x0000017b94024820] Heap_lock - owner thread: 0x0000017baf45c000

Heap address: 0x0000000080000000, size: 2048 MB, Compressed Oops mode: 32-bit
Narrow klass base: 0x0000000000000000, Narrow klass shift: 3
Compressed class space size: 1073741824 Address: 0x0000000100000000

Heap:
 garbage-first heap   total 155648K, used 72192K [0x0000000080000000, 0x0000000100000000)
  region size 1024K, 5 young (5120K), 5 survivors (5120K)
 Metaspace       used 82312K, capacity 84388K, committed 84516K, reserved 1122304K
  class space    used 10709K, capacity 11501K, committed 11520K, reserved 1048576K
Heap Regions: E=young(eden), S=young(survivor), O=old, HS=humongous(starts), HC=humongous(continues), CS=collection set, F=free, A=archive, TAMS=top-at-mark-start (previous, next)
|   0|0x0000000080000000, 0x0000000080100000, 0x0000000080100000|100%| O|  |TAMS 0x0000000080100000, 0x0000000080100000| Untracked 
|   1|0x0000000080100000, 0x0000000080200000, 0x0000000080200000|100%| O|  |TAMS 0x0000000080200000, 0x0000000080200000| Untracked 
|   2|0x0000000080200000, 0x0000000080300000, 0x0000000080300000|100%| O|  |TAMS 0x0000000080300000, 0x0000000080300000| Untracked 
|   3|0x0000000080300000, 0x0000000080400000, 0x0000000080400000|100%| O|  |TAMS 0x0000000080400000, 0x0000000080400000| Untracked 
|   4|0x0000000080400000, 0x0000000080500000, 0x0000000080500000|100%|HS|  |TAMS 0x0000000080500000, 0x0000000080500000| Complete 
|   5|0x0000000080500000, 0x0000000080600000, 0x0000000080600000|100%|HC|  |TAMS 0x0000000080600000, 0x0000000080600000| Complete 
|   6|0x0000000080600000, 0x0000000080700000, 0x0000000080700000|100%|HC|  |TAMS 0x0000000080700000, 0x0000000080700000| Complete 
|   7|0x0000000080700000, 0x0000000080800000, 0x0000000080800000|100%| O|  |TAMS 0x0000000080800000, 0x0000000080800000| Untracked 
|   8|0x0000000080800000, 0x0000000080900000, 0x0000000080900000|100%| O|  |TAMS 0x0000000080900000, 0x0000000080900000| Untracked 
|   9|0x0000000080900000, 0x0000000080a00000, 0x0000000080a00000|100%| O|  |TAMS 0x0000000080a00000, 0x0000000080a00000| Untracked 
|  10|0x0000000080a00000, 0x0000000080b00000, 0x0000000080b00000|100%| O|  |TAMS 0x0000000080b00000, 0x0000000080b00000| Untracked 
|  11|0x0000000080b00000, 0x0000000080c00000, 0x0000000080c00000|100%| O|  |TAMS 0x0000000080c00000, 0x0000000080c00000| Untracked 
|  12|0x0000000080c00000, 0x0000000080d00000, 0x0000000080d00000|100%| O|  |TAMS 0x0000000080d00000, 0x0000000080d00000| Untracked 
|  13|0x0000000080d00000, 0x0000000080e00000, 0x0000000080e00000|100%| O|  |TAMS 0x0000000080e00000, 0x0000000080e00000| Untracked 
|  14|0x0000000080e00000, 0x0000000080f00000, 0x0000000080f00000|100%| O|  |TAMS 0x0000000080f00000, 0x0000000080f00000| Untracked 
|  15|0x0000000080f00000, 0x0000000081000000, 0x0000000081000000|100%| O|  |TAMS 0x0000000081000000, 0x0000000081000000| Untracked 
|  16|0x0000000081000000, 0x0000000081100000, 0x0000000081100000|100%|HS|  |TAMS 0x0000000081100000, 0x0000000081100000| Complete 
|  17|0x0000000081100000, 0x0000000081200000, 0x0000000081200000|100%| O|  |TAMS 0x0000000081200000, 0x0000000081200000| Untracked 
|  18|0x0000000081200000, 0x0000000081300000, 0x0000000081300000|100%| O|  |TAMS 0x0000000081300000, 0x0000000081300000| Untracked 
|  19|0x0000000081300000, 0x0000000081400000, 0x0000000081400000|100%| O|  |TAMS 0x0000000081400000, 0x0000000081400000| Untracked 
|  20|0x0000000081400000, 0x0000000081500000, 0x0000000081500000|100%| O|  |TAMS 0x0000000081500000, 0x0000000081500000| Untracked 
|  21|0x0000000081500000, 0x0000000081600000, 0x0000000081600000|100%| O|  |TAMS 0x0000000081600000, 0x0000000081600000| Untracked 
|  22|0x0000000081600000, 0x0000000081700000, 0x0000000081700000|100%| O|  |TAMS 0x0000000081700000, 0x0000000081700000| Untracked 
|  23|0x0000000081700000, 0x0000000081800000, 0x0000000081800000|100%| O|  |TAMS 0x0000000081800000, 0x0000000081800000| Untracked 
|  24|0x0000000081800000, 0x0000000081900000, 0x0000000081900000|100%| O|  |TAMS 0x0000000081900000, 0x0000000081900000| Untracked 
|  25|0x0000000081900000, 0x0000000081a00000, 0x0000000081a00000|100%| O|  |TAMS 0x0000000081a00000, 0x0000000081a00000| Untracked 
|  26|0x0000000081a00000, 0x0000000081b00000, 0x0000000081b00000|100%| O|  |TAMS 0x0000000081b00000, 0x0000000081b00000| Untracked 
|  27|0x0000000081b00000, 0x0000000081c00000, 0x0000000081c00000|100%|HS|  |TAMS 0x0000000081c00000, 0x0000000081c00000| Complete 
|  28|0x0000000081c00000, 0x0000000081d00000, 0x0000000081d00000|100%|HS|  |TAMS 0x0000000081d00000, 0x0000000081d00000| Complete 
|  29|0x0000000081d00000, 0x0000000081e00000, 0x0000000081e00000|100%|HS|  |TAMS 0x0000000081e00000, 0x0000000081e00000| Complete 
|  30|0x0000000081e00000, 0x0000000081f00000, 0x0000000081f00000|100%|HC|  |TAMS 0x0000000081f00000, 0x0000000081f00000| Complete 
|  31|0x0000000081f00000, 0x0000000082000000, 0x0000000082000000|100%| O|  |TAMS 0x0000000082000000, 0x0000000082000000| Untracked 
|  32|0x0000000082000000, 0x0000000082100000, 0x0000000082100000|100%| O|  |TAMS 0x0000000082100000, 0x0000000082100000| Untracked 
|  33|0x0000000082100000, 0x0000000082200000, 0x0000000082200000|100%| O|  |TAMS 0x0000000082200000, 0x0000000082200000| Untracked 
|  34|0x0000000082200000, 0x0000000082300000, 0x0000000082300000|100%| O|  |TAMS 0x0000000082300000, 0x0000000082300000| Untracked 
|  35|0x0000000082300000, 0x0000000082400000, 0x0000000082400000|100%| O|  |TAMS 0x0000000082400000, 0x0000000082400000| Untracked 
|  36|0x0000000082400000, 0x0000000082500000, 0x0000000082500000|100%| O|  |TAMS 0x0000000082500000, 0x0000000082500000| Untracked 
|  37|0x0000000082500000, 0x0000000082600000, 0x0000000082600000|100%| O|  |TAMS 0x0000000082600000, 0x0000000082600000| Untracked 
|  38|0x0000000082600000, 0x0000000082700000, 0x0000000082700000|100%| O|  |TAMS 0x0000000082700000, 0x0000000082700000| Untracked 
|  39|0x0000000082700000, 0x0000000082800000, 0x0000000082800000|100%| O|  |TAMS 0x0000000082800000, 0x0000000082800000| Untracked 
|  40|0x0000000082800000, 0x0000000082900000, 0x0000000082900000|100%| O|  |TAMS 0x0000000082900000, 0x0000000082900000| Untracked 
|  41|0x0000000082900000, 0x0000000082a00000, 0x0000000082a00000|100%| O|  |TAMS 0x0000000082a00000, 0x0000000082a00000| Untracked 
|  42|0x0000000082a00000, 0x0000000082b00000, 0x0000000082b00000|100%| O|  |TAMS 0x0000000082a00000, 0x0000000082b00000| Untracked 
|  43|0x0000000082b00000, 0x0000000082c00000, 0x0000000082c00000|100%| O|  |TAMS 0x0000000082b00000, 0x0000000082c00000| Untracked 
|  44|0x0000000082c00000, 0x0000000082d00000, 0x0000000082d00000|100%| O|  |TAMS 0x0000000082c00000, 0x0000000082d00000| Untracked 
|  45|0x0000000082d00000, 0x0000000082e00000, 0x0000000082e00000|100%| O|  |TAMS 0x0000000082d00000, 0x0000000082e00000| Untracked 
|  46|0x0000000082e00000, 0x0000000082f00000, 0x0000000082f00000|100%| O|  |TAMS 0x0000000082e00000, 0x0000000082f00000| Untracked 
|  47|0x0000000082f00000, 0x0000000083000000, 0x0000000083000000|100%| O|  |TAMS 0x0000000082f00000, 0x0000000083000000| Untracked 
|  48|0x0000000083000000, 0x0000000083100000, 0x0000000083100000|100%| O|  |TAMS 0x0000000083000000, 0x0000000083100000| Untracked 
|  49|0x0000000083100000, 0x0000000083200000, 0x0000000083200000|100%| O|  |TAMS 0x0000000083100000, 0x0000000083200000| Untracked 
|  50|0x0000000083200000, 0x0000000083300000, 0x0000000083300000|100%| O|  |TAMS 0x0000000083200000, 0x0000000083300000| Untracked 
|  51|0x0000000083300000, 0x0000000083400000, 0x0000000083400000|100%| O|  |TAMS 0x0000000083300000, 0x0000000083400000| Untracked 
|  52|0x0000000083400000, 0x0000000083500000, 0x0000000083500000|100%| O|  |TAMS 0x0000000083400000, 0x0000000083500000| Untracked 
|  53|0x0000000083500000, 0x0000000083600000, 0x0000000083600000|100%| O|  |TAMS 0x0000000083500000, 0x0000000083600000| Untracked 
|  54|0x0000000083600000, 0x0000000083700000, 0x0000000083700000|100%| O|  |TAMS 0x0000000083600000, 0x0000000083700000| Untracked 
|  55|0x0000000083700000, 0x0000000083800000, 0x0000000083800000|100%| O|  |TAMS 0x0000000083700000, 0x0000000083800000| Untracked 
|  56|0x0000000083800000, 0x0000000083900000, 0x0000000083900000|100%| O|  |TAMS 0x0000000083800000, 0x0000000083900000| Untracked 
|  57|0x0000000083900000, 0x0000000083a00000, 0x0000000083a00000|100%| O|  |TAMS 0x0000000083900000, 0x0000000083a00000| Untracked 
|  58|0x0000000083a00000, 0x0000000083b00000, 0x0000000083b00000|100%| O|  |TAMS 0x0000000083a00000, 0x0000000083b00000| Untracked 
|  59|0x0000000083b00000, 0x0000000083c00000, 0x0000000083c00000|100%| O|  |TAMS 0x0000000083b00000, 0x0000000083c00000| Untracked 
|  60|0x0000000083c00000, 0x0000000083d00000, 0x0000000083d00000|100%| O|  |TAMS 0x0000000083c00000, 0x0000000083d00000| Untracked 
|  61|0x0000000083d00000, 0x0000000083e00000, 0x0000000083e00000|100%| O|  |TAMS 0x0000000083d00000, 0x0000000083e00000| Untracked 
|  62|0x0000000083e00000, 0x0000000083f00000, 0x0000000083f00000|100%| O|  |TAMS 0x0000000083e00000, 0x0000000083f00000| Untracked 
|  63|0x0000000083f00000, 0x0000000084000000, 0x0000000084000000|100%| O|  |TAMS 0x0000000083f00000, 0x0000000084000000| Untracked 
|  64|0x0000000084000000, 0x0000000084100000, 0x0000000084100000|100%| O|  |TAMS 0x0000000084000000, 0x0000000084100000| Untracked 
|  65|0x0000000084100000, 0x0000000084200000, 0x0000000084200000|100%| O|  |TAMS 0x0000000084100000, 0x0000000084200000| Untracked 
|  66|0x0000000084200000, 0x0000000084200000, 0x0000000084300000|  0%| F|  |TAMS 0x0000000084200000, 0x0000000084200000| Untracked 
|  67|0x0000000084300000, 0x0000000084300000, 0x0000000084400000|  0%| F|  |TAMS 0x0000000084300000, 0x0000000084300000| Untracked 
|  68|0x0000000084400000, 0x0000000084400000, 0x0000000084500000|  0%| F|  |TAMS 0x0000000084400000, 0x0000000084400000| Untracked 
|  69|0x0000000084500000, 0x0000000084500000, 0x0000000084600000|  0%| F|  |TAMS 0x0000000084500000, 0x0000000084500000| Untracked 
|  70|0x0000000084600000, 0x0000000084600000, 0x0000000084700000|  0%| F|  |TAMS 0x0000000084600000, 0x0000000084600000| Untracked 
|  71|0x0000000084700000, 0x0000000084700000, 0x0000000084800000|  0%| F|  |TAMS 0x0000000084700000, 0x0000000084700000| Untracked 
|  72|0x0000000084800000, 0x0000000084800000, 0x0000000084900000|  0%| F|  |TAMS 0x0000000084800000, 0x0000000084800000| Untracked 
|  73|0x0000000084900000, 0x0000000084900000, 0x0000000084a00000|  0%| F|  |TAMS 0x0000000084900000, 0x0000000084900000| Untracked 
|  74|0x0000000084a00000, 0x0000000084a00000, 0x0000000084b00000|  0%| F|  |TAMS 0x0000000084a00000, 0x0000000084a00000| Untracked 
|  75|0x0000000084b00000, 0x0000000084b00000, 0x0000000084c00000|  0%| F|  |TAMS 0x0000000084b00000, 0x0000000084b00000| Untracked 
|  76|0x0000000084c00000, 0x0000000084c00000, 0x0000000084d00000|  0%| F|  |TAMS 0x0000000084c00000, 0x0000000084c00000| Untracked 
|  77|0x0000000084d00000, 0x0000000084d00000, 0x0000000084e00000|  0%| F|  |TAMS 0x0000000084d00000, 0x0000000084d00000| Untracked 
|  78|0x0000000084e00000, 0x0000000084e00000, 0x0000000084f00000|  0%| F|  |TAMS 0x0000000084e00000, 0x0000000084e00000| Untracked 
|  79|0x0000000084f00000, 0x0000000084f00000, 0x0000000085000000|  0%| F|  |TAMS 0x0000000084f00000, 0x0000000084f00000| Untracked 
|  80|0x0000000085000000, 0x0000000085000000, 0x0000000085100000|  0%| F|  |TAMS 0x0000000085000000, 0x0000000085000000| Untracked 
|  81|0x0000000085100000, 0x0000000085100000, 0x0000000085200000|  0%| F|  |TAMS 0x0000000085100000, 0x0000000085100000| Untracked 
|  82|0x0000000085200000, 0x0000000085200000, 0x0000000085300000|  0%| F|  |TAMS 0x0000000085200000, 0x0000000085200000| Untracked 
|  83|0x0000000085300000, 0x0000000085300000, 0x0000000085400000|  0%| F|  |TAMS 0x0000000085300000, 0x0000000085300000| Untracked 
|  84|0x0000000085400000, 0x0000000085400000, 0x0000000085500000|  0%| F|  |TAMS 0x0000000085400000, 0x0000000085400000| Untracked 
|  85|0x0000000085500000, 0x0000000085500000, 0x0000000085600000|  0%| F|  |TAMS 0x0000000085500000, 0x0000000085500000| Untracked 
|  86|0x0000000085600000, 0x0000000085600000, 0x0000000085700000|  0%| F|  |TAMS 0x0000000085600000, 0x0000000085600000| Untracked 
|  87|0x0000000085700000, 0x0000000085700000, 0x0000000085800000|  0%| F|  |TAMS 0x0000000085700000, 0x0000000085700000| Untracked 
|  88|0x0000000085800000, 0x0000000085800000, 0x0000000085900000|  0%| F|  |TAMS 0x0000000085800000, 0x0000000085800000| Untracked 
|  89|0x0000000085900000, 0x0000000085900000, 0x0000000085a00000|  0%| F|  |TAMS 0x0000000085900000, 0x0000000085900000| Untracked 
|  90|0x0000000085a00000, 0x0000000085a00000, 0x0000000085b00000|  0%| F|  |TAMS 0x0000000085a00000, 0x0000000085a00000| Untracked 
|  91|0x0000000085b00000, 0x0000000085b00000, 0x0000000085c00000|  0%| F|  |TAMS 0x0000000085b00000, 0x0000000085b00000| Untracked 
|  92|0x0000000085c00000, 0x0000000085c00000, 0x0000000085d00000|  0%| F|  |TAMS 0x0000000085c00000, 0x0000000085c00000| Untracked 
|  93|0x0000000085d00000, 0x0000000085d00000, 0x0000000085e00000|  0%| F|  |TAMS 0x0000000085d00000, 0x0000000085d00000| Untracked 
|  94|0x0000000085e00000, 0x0000000085e00000, 0x0000000085f00000|  0%| F|  |TAMS 0x0000000085e00000, 0x0000000085e00000| Untracked 
|  95|0x0000000085f00000, 0x0000000085f00000, 0x0000000086000000|  0%| F|  |TAMS 0x0000000085f00000, 0x0000000085f00000| Untracked 
|  96|0x0000000086000000, 0x0000000086000000, 0x0000000086100000|  0%| F|  |TAMS 0x0000000086000000, 0x0000000086000000| Untracked 
|  97|0x0000000086100000, 0x0000000086100000, 0x0000000086200000|  0%| F|  |TAMS 0x0000000086100000, 0x0000000086100000| Untracked 
|  98|0x0000000086200000, 0x0000000086200000, 0x0000000086300000|  0%| F|  |TAMS 0x0000000086200000, 0x0000000086200000| Untracked 
|  99|0x0000000086300000, 0x0000000086300000, 0x0000000086400000|  0%| F|  |TAMS 0x0000000086300000, 0x0000000086300000| Untracked 
| 100|0x0000000086400000, 0x0000000086400000, 0x0000000086500000|  0%| F|  |TAMS 0x0000000086400000, 0x0000000086400000| Untracked 
| 101|0x0000000086500000, 0x0000000086500000, 0x0000000086600000|  0%| F|  |TAMS 0x0000000086500000, 0x0000000086500000| Untracked 
| 102|0x0000000086600000, 0x0000000086600000, 0x0000000086700000|  0%| F|  |TAMS 0x0000000086600000, 0x0000000086600000| Untracked 
| 103|0x0000000086700000, 0x0000000086700000, 0x0000000086800000|  0%| F|  |TAMS 0x0000000086700000, 0x0000000086700000| Untracked 
| 104|0x0000000086800000, 0x0000000086800000, 0x0000000086900000|  0%| F|  |TAMS 0x0000000086800000, 0x0000000086800000| Untracked 
| 105|0x0000000086900000, 0x0000000086900000, 0x0000000086a00000|  0%| F|  |TAMS 0x0000000086900000, 0x0000000086900000| Untracked 
| 106|0x0000000086a00000, 0x0000000086a00000, 0x0000000086b00000|  0%| F|  |TAMS 0x0000000086a00000, 0x0000000086a00000| Untracked 
| 107|0x0000000086b00000, 0x0000000086b00000, 0x0000000086c00000|  0%| F|  |TAMS 0x0000000086b00000, 0x0000000086b00000| Untracked 
| 108|0x0000000086c00000, 0x0000000086c00000, 0x0000000086d00000|  0%| F|  |TAMS 0x0000000086c00000, 0x0000000086c00000| Untracked 
| 109|0x0000000086d00000, 0x0000000086d00000, 0x0000000086e00000|  0%| F|  |TAMS 0x0000000086d00000, 0x0000000086d00000| Untracked 
| 110|0x0000000086e00000, 0x0000000086e00000, 0x0000000086f00000|  0%| F|  |TAMS 0x0000000086e00000, 0x0000000086e00000| Untracked 
| 111|0x0000000086f00000, 0x0000000086f00000, 0x0000000087000000|  0%| F|  |TAMS 0x0000000086f00000, 0x0000000086f00000| Untracked 
| 112|0x0000000087000000, 0x0000000087000000, 0x0000000087100000|  0%| F|  |TAMS 0x0000000087000000, 0x0000000087000000| Untracked 
| 113|0x0000000087100000, 0x0000000087100000, 0x0000000087200000|  0%| F|  |TAMS 0x0000000087100000, 0x0000000087100000| Untracked 
| 114|0x0000000087200000, 0x0000000087200000, 0x0000000087300000|  0%| F|  |TAMS 0x0000000087200000, 0x0000000087200000| Untracked 
| 115|0x0000000087300000, 0x0000000087300000, 0x0000000087400000|  0%| F|  |TAMS 0x0000000087300000, 0x0000000087300000| Untracked 
| 116|0x0000000087400000, 0x0000000087400000, 0x0000000087500000|  0%| F|  |TAMS 0x0000000087400000, 0x0000000087400000| Untracked 
| 117|0x0000000087500000, 0x0000000087500000, 0x0000000087600000|  0%| F|  |TAMS 0x0000000087500000, 0x0000000087500000| Untracked 
| 118|0x0000000087600000, 0x0000000087600000, 0x0000000087700000|  0%| F|  |TAMS 0x0000000087600000, 0x0000000087600000| Untracked 
| 119|0x0000000087700000, 0x0000000087700000, 0x0000000087800000|  0%| F|  |TAMS 0x0000000087700000, 0x0000000087700000| Untracked 
| 120|0x0000000087800000, 0x0000000087800000, 0x0000000087900000|  0%| F|  |TAMS 0x0000000087800000, 0x0000000087800000| Untracked 
| 121|0x0000000087900000, 0x0000000087900000, 0x0000000087a00000|  0%| F|  |TAMS 0x0000000087900000, 0x0000000087900000| Untracked 
| 122|0x0000000087a00000, 0x0000000087a00000, 0x0000000087b00000|  0%| F|  |TAMS 0x0000000087a00000, 0x0000000087a00000| Untracked 
| 123|0x0000000087b00000, 0x0000000087b00000, 0x0000000087c00000|  0%| F|  |TAMS 0x0000000087b00000, 0x0000000087b00000| Untracked 
| 124|0x0000000087c00000, 0x0000000087c00000, 0x0000000087d00000|  0%| F|  |TAMS 0x0000000087c00000, 0x0000000087c00000| Untracked 
| 125|0x0000000087d00000, 0x0000000087d00000, 0x0000000087e00000|  0%| F|  |TAMS 0x0000000087d00000, 0x0000000087d00000| Untracked 
| 126|0x0000000087e00000, 0x0000000087e00000, 0x0000000087f00000|  0%| F|  |TAMS 0x0000000087e00000, 0x0000000087e00000| Untracked 
| 127|0x0000000087f00000, 0x0000000087f00000, 0x0000000088000000|  0%| F|  |TAMS 0x0000000087f00000, 0x0000000087f00000| Untracked 
| 128|0x0000000088000000, 0x0000000088000000, 0x0000000088100000|  0%| F|  |TAMS 0x0000000088000000, 0x0000000088000000| Untracked 
| 129|0x0000000088100000, 0x0000000088100000, 0x0000000088200000|  0%| F|  |TAMS 0x0000000088100000, 0x0000000088100000| Untracked 
| 130|0x0000000088200000, 0x0000000088200000, 0x0000000088300000|  0%| F|  |TAMS 0x0000000088200000, 0x0000000088200000| Untracked 
| 131|0x0000000088300000, 0x0000000088300000, 0x0000000088400000|  0%| F|  |TAMS 0x0000000088300000, 0x0000000088300000| Untracked 
| 132|0x0000000088400000, 0x0000000088400000, 0x0000000088500000|  0%| F|  |TAMS 0x0000000088400000, 0x0000000088400000| Untracked 
| 133|0x0000000088500000, 0x0000000088580000, 0x0000000088600000| 50%| S|CS|TAMS 0x0000000088500000, 0x0000000088500000| Complete 
| 134|0x0000000088600000, 0x0000000088700000, 0x0000000088700000|100%| S|CS|TAMS 0x0000000088600000, 0x0000000088600000| Complete 
| 135|0x0000000088700000, 0x0000000088800000, 0x0000000088800000|100%| S|CS|TAMS 0x0000000088700000, 0x0000000088700000| Complete 
| 136|0x0000000088800000, 0x0000000088900000, 0x0000000088900000|100%| S|CS|TAMS 0x0000000088800000, 0x0000000088800000| Complete 
| 137|0x0000000088900000, 0x0000000088a00000, 0x0000000088a00000|100%| S|CS|TAMS 0x0000000088900000, 0x0000000088900000| Complete 
| 138|0x0000000088a00000, 0x0000000088a00000, 0x0000000088b00000|  0%| F|  |TAMS 0x0000000088a00000, 0x0000000088a00000| Untracked 
| 139|0x0000000088b00000, 0x0000000088b00000, 0x0000000088c00000|  0%| F|  |TAMS 0x0000000088b00000, 0x0000000088b00000| Untracked 
| 140|0x0000000088c00000, 0x0000000088c00000, 0x0000000088d00000|  0%| F|  |TAMS 0x0000000088c00000, 0x0000000088c00000| Untracked 
| 141|0x0000000088d00000, 0x0000000088d00000, 0x0000000088e00000|  0%| F|  |TAMS 0x0000000088d00000, 0x0000000088d00000| Untracked 
| 142|0x0000000088e00000, 0x0000000088e00000, 0x0000000088f00000|  0%| F|  |TAMS 0x0000000088e00000, 0x0000000088e00000| Untracked 
| 143|0x0000000088f00000, 0x0000000088f00000, 0x0000000089000000|  0%| F|  |TAMS 0x0000000088f00000, 0x0000000088f00000| Untracked 
| 144|0x0000000089000000, 0x0000000089000000, 0x0000000089100000|  0%| F|  |TAMS 0x0000000089000000, 0x0000000089000000| Untracked 
| 145|0x0000000089100000, 0x0000000089100000, 0x0000000089200000|  0%| F|  |TAMS 0x0000000089100000, 0x0000000089100000| Untracked 
| 146|0x0000000089200000, 0x0000000089200000, 0x0000000089300000|  0%| F|  |TAMS 0x0000000089200000, 0x0000000089200000| Untracked 
| 147|0x0000000089300000, 0x0000000089300000, 0x0000000089400000|  0%| F|  |TAMS 0x0000000089300000, 0x0000000089300000| Untracked 
| 148|0x0000000089400000, 0x0000000089400000, 0x0000000089500000|  0%| F|  |TAMS 0x0000000089400000, 0x0000000089400000| Untracked 
| 149|0x0000000089500000, 0x0000000089500000, 0x0000000089600000|  0%| F|  |TAMS 0x0000000089500000, 0x0000000089500000| Untracked 
| 150|0x0000000089600000, 0x0000000089600000, 0x0000000089700000|  0%| F|  |TAMS 0x0000000089600000, 0x0000000089600000| Untracked 
| 151|0x0000000089700000, 0x0000000089700000, 0x0000000089800000|  0%| F|  |TAMS 0x0000000089700000, 0x0000000089700000| Untracked 

Card table byte_map: [0x0000017ba7350000,0x0000017ba7750000] _byte_map_base: 0x0000017ba6f50000

Marking Bits (Prev, Next): (CMBitMap*) 0x0000017b94066530, (CMBitMap*) 0x0000017b940664f8
 Prev Bits: [0x0000017ba9b50000, 0x0000017babb50000)
 Next Bits: [0x0000017ba7b50000, 0x0000017ba9b50000)

Polling page: 0x0000017b929d0000

Metaspace:

Usage:
  Non-class:     71.18 MB capacity,    69.93 MB ( 98%) used,     1.02 MB (  1%) free+waste,   240.69 KB ( <1%) overhead. 
      Class:     11.23 MB capacity,    10.46 MB ( 93%) used,   682.86 KB (  6%) free+waste,   108.63 KB ( <1%) overhead. 
       Both:     82.41 MB capacity,    80.38 MB ( 98%) used,     1.69 MB (  2%) free+waste,   349.31 KB ( <1%) overhead. 

Virtual space:
  Non-class space:       72.00 MB reserved,      71.29 MB (>99%) committed 
      Class space:        1.00 GB reserved,      11.25 MB (  1%) committed 
             Both:        1.07 GB reserved,      82.54 MB (  8%) committed 

Chunk freelists:
   Non-Class:  45.00 KB
       Class:  19.00 KB
        Both:  64.00 KB

MaxMetaspaceSize: 17179869184.00 GB
CompressedClassSpaceSize: 1.00 GB

CodeHeap 'non-profiled nmethods': size=120064Kb used=6096Kb max_used=6096Kb free=113967Kb
 bounds [0x0000017b9f5f0000, 0x0000017b9fbf0000, 0x0000017ba6b30000]
CodeHeap 'profiled nmethods': size=120000Kb used=21760Kb max_used=21760Kb free=98240Kb
 bounds [0x0000017b980c0000, 0x0000017b99600000, 0x0000017b9f5f0000]
CodeHeap 'non-nmethods': size=5696Kb used=2263Kb max_used=2326Kb free=3432Kb
 bounds [0x0000017b97b30000, 0x0000017b97da0000, 0x0000017b980c0000]
 total_blobs=10852 nmethods=9980 adapters=784
 compilation: enabled
              stopped_count=0, restarted_count=0
 full_count=0

Compilation events (20 events):
Event: 44.178 Thread 0x0000017bae93b000 nmethod 10001 0x0000017b995fea10 code [0x0000017b995febe0, 0x0000017b995fee38]
Event: 44.178 Thread 0x0000017bae93b000 10002       3       org.gradle.internal.snapshot.FileSystemSnapshotHierarchyVisitor::leaveDirectory (1 bytes)
Event: 44.178 Thread 0x0000017bae93b000 nmethod 10002 0x0000017b995fef10 code [0x0000017b995ff0c0, 0x0000017b995ff1b8]
Event: 44.178 Thread 0x0000017bae93b000 10004       3       org.gradle.internal.snapshot.AbstractListChildMap::visitChildren (47 bytes)
Event: 44.178 Thread 0x0000017badf80000 nmethod 9988 0x0000017b9fbdea10 code [0x0000017b9fbdebc0, 0x0000017b9fbdecf8]
Event: 44.178 Thread 0x0000017badf80000 10003       4       org.gradle.internal.file.DefaultFileHierarchySet$PrefixFileSet::contains (10 bytes)
Event: 44.179 Thread 0x0000017bae93b000 nmethod 10004 0x0000017b995ff290 code [0x0000017b995ff4a0, 0x0000017b995ffa98]
Event: 44.179 Thread 0x0000017bae93b000 10005       3       org.gradle.internal.snapshot.SingletonChildMap::visitChildren (21 bytes)
Event: 44.179 Thread 0x0000017bae93b000 nmethod 10005 0x0000017b9fbdee10 code [0x0000017b9fbdefe0, 0x0000017b9fbdf208]
Event: 44.179 Thread 0x0000017bae93b000 10006       3       org.gradle.internal.snapshot.AbstractIncompleteFileSystemNode::accept (16 bytes)
Event: 44.180 Thread 0x0000017bae93b000 nmethod 10006 0x0000017b9fbdf310 code [0x0000017b9fbdf520, 0x0000017b9fbdfb88]
Event: 44.181 Thread 0x0000017bae93b000 10008       3       org.gradle.internal.snapshot.EmptyChildMap::visitChildren (1 bytes)
Event: 44.181 Thread 0x0000017bae93b000 nmethod 10008 0x0000017b995ffc90 code [0x0000017b995ffe40, 0x0000017b995fff38]
Event: 44.210 Thread 0x0000017badf80000 nmethod 10003 0x0000017b9fbdfd90 code [0x0000017b9fbe0000, 0x0000017b9fbe0ba0]
Event: 44.210 Thread 0x0000017badf80000 10007       4       org.gradle.internal.file.DefaultFileHierarchySet$Node::contains (101 bytes)
Event: 44.243 Thread 0x0000017badf80000 nmethod 10007 0x0000017b9fbe1c90 code [0x0000017b9fbe1f00, 0x0000017b9fbe2b20]
Event: 44.243 Thread 0x0000017badf80000 10009       4       org.gradle.internal.snapshot.FileSystemSnapshotHierarchyVisitor::enterDirectory (1 bytes)
Event: 44.243 Thread 0x0000017badf80000 nmethod 10009 0x0000017b9fbe3c10 code [0x0000017b9fbe3da0, 0x0000017b9fbe3df8]
Event: 44.244 Thread 0x0000017badf80000 10010       4       org.gradle.internal.snapshot.FileSystemSnapshotHierarchyVisitor::leaveDirectory (1 bytes)
Event: 44.244 Thread 0x0000017badf80000 nmethod 10010 0x0000017b9fbe3e90 code [0x0000017b9fbe4020, 0x0000017b9fbe4078]

GC Heap History (20 events):
Event: 13.343 GC heap before
{Heap before GC invocations=11 (full 0):
 garbage-first heap   total 129024K, used 89030K [0x0000000080000000, 0x0000000100000000)
  region size 1024K, 69 young (70656K), 9 survivors (9216K)
 Metaspace       used 45356K, capacity 46395K, committed 46588K, reserved 1089536K
  class space    used 5811K, capacity 6207K, committed 6272K, reserved 1048576K
}
Event: 13.375 GC heap after
{Heap after GC invocations=12 (full 0):
 garbage-first heap   total 155648K, used 29184K [0x0000000080000000, 0x0000000100000000)
  region size 1024K, 3 young (3072K), 3 survivors (3072K)
 Metaspace       used 45356K, capacity 46395K, committed 46588K, reserved 1089536K
  class space    used 5811K, capacity 6207K, committed 6272K, reserved 1048576K
}
Event: 17.896 GC heap before
{Heap before GC invocations=12 (full 0):
 garbage-first heap   total 155648K, used 107008K [0x0000000080000000, 0x0000000100000000)
  region size 1024K, 75 young (76800K), 3 survivors (3072K)
 Metaspace       used 49735K, capacity 51038K, committed 51324K, reserved 1093632K
  class space    used 6313K, capacity 6799K, committed 6912K, reserved 1048576K
}
Event: 17.913 GC heap after
{Heap after GC invocations=13 (full 0):
 garbage-first heap   total 155648K, used 43008K [0x0000000080000000, 0x0000000100000000)
  region size 1024K, 10 young (10240K), 10 survivors (10240K)
 Metaspace       used 49735K, capacity 51038K, committed 51324K, reserved 1093632K
  class space    used 6313K, capacity 6799K, committed 6912K, reserved 1048576K
}
Event: 20.124 GC heap before
{Heap before GC invocations=13 (full 0):
 garbage-first heap   total 155648K, used 99328K [0x0000000080000000, 0x0000000100000000)
  region size 1024K, 66 young (67584K), 10 survivors (10240K)
 Metaspace       used 58470K, capacity 59861K, committed 59940K, reserved 1101824K
  class space    used 7399K, capacity 7900K, committed 7936K, reserved 1048576K
}
Event: 20.146 GC heap after
{Heap after GC invocations=14 (full 0):
 garbage-first heap   total 155648K, used 45568K [0x0000000080000000, 0x0000000100000000)
  region size 1024K, 3 young (3072K), 3 survivors (3072K)
 Metaspace       used 58470K, capacity 59861K, committed 59940K, reserved 1101824K
  class space    used 7399K, capacity 7900K, committed 7936K, reserved 1048576K
}
Event: 22.289 GC heap before
{Heap before GC invocations=15 (full 0):
 garbage-first heap   total 155648K, used 110080K [0x0000000080000000, 0x0000000100000000)
  region size 1024K, 66 young (67584K), 3 survivors (3072K)
 Metaspace       used 64664K, capacity 66141K, committed 66468K, reserved 1107968K
  class space    used 8175K, capacity 8743K, committed 8832K, reserved 1048576K
}
Event: 22.304 GC heap after
{Heap after GC invocations=16 (full 0):
 garbage-first heap   total 155648K, used 50163K [0x0000000080000000, 0x0000000100000000)
  region size 1024K, 7 young (7168K), 7 survivors (7168K)
 Metaspace       used 64664K, capacity 66141K, committed 66468K, reserved 1107968K
  class space    used 8175K, capacity 8743K, committed 8832K, reserved 1048576K
}
Event: 26.083 GC heap before
{Heap before GC invocations=16 (full 0):
 garbage-first heap   total 155648K, used 114675K [0x0000000080000000, 0x0000000100000000)
  region size 1024K, 70 young (71680K), 7 survivors (7168K)
 Metaspace       used 68857K, capacity 70372K, committed 70436K, reserved 1110016K
  class space    used 8886K, capacity 9470K, committed 9472K, reserved 1048576K
}
Event: 26.105 GC heap after
{Heap after GC invocations=17 (full 0):
 garbage-first heap   total 155648K, used 54946K [0x0000000080000000, 0x0000000100000000)
  region size 1024K, 5 young (5120K), 5 survivors (5120K)
 Metaspace       used 68857K, capacity 70372K, committed 70436K, reserved 1110016K
  class space    used 8886K, capacity 9470K, committed 9472K, reserved 1048576K
}
Event: 29.978 GC heap before
{Heap before GC invocations=17 (full 0):
 garbage-first heap   total 155648K, used 117410K [0x0000000080000000, 0x0000000100000000)
  region size 1024K, 66 young (67584K), 5 survivors (5120K)
 Metaspace       used 74722K, capacity 76395K, committed 76452K, reserved 1116160K
  class space    used 9760K, capacity 10364K, committed 10368K, reserved 1048576K
}
Event: 29.996 GC heap after
{Heap after GC invocations=18 (full 0):
 garbage-first heap   total 155648K, used 58866K [0x0000000080000000, 0x0000000100000000)
  region size 1024K, 4 young (4096K), 4 survivors (4096K)
 Metaspace       used 74722K, capacity 76395K, committed 76452K, reserved 1116160K
  class space    used 9760K, capacity 10364K, committed 10368K, reserved 1048576K
}
Event: 33.373 GC heap before
{Heap before GC invocations=18 (full 0):
 garbage-first heap   total 155648K, used 119282K [0x0000000080000000, 0x0000000100000000)
  region size 1024K, 64 young (65536K), 4 survivors (4096K)
 Metaspace       used 80197K, capacity 82192K, committed 82340K, reserved 1120256K
  class space    used 10515K, capacity 11307K, committed 11392K, reserved 1048576K
}
Event: 33.394 GC heap after
{Heap after GC invocations=19 (full 0):
 garbage-first heap   total 155648K, used 62976K [0x0000000080000000, 0x0000000100000000)
  region size 1024K, 8 young (8192K), 8 survivors (8192K)
 Metaspace       used 80197K, capacity 82192K, committed 82340K, reserved 1120256K
  class space    used 10515K, capacity 11307K, committed 11392K, reserved 1048576K
}
Event: 37.693 GC heap before
{Heap before GC invocations=19 (full 0):
 garbage-first heap   total 155648K, used 122368K [0x0000000080000000, 0x0000000100000000)
  region size 1024K, 67 young (68608K), 8 survivors (8192K)
 Metaspace       used 80924K, capacity 83016K, committed 83108K, reserved 1122304K
  class space    used 10566K, capacity 11343K, committed 11392K, reserved 1048576K
}
Event: 37.727 GC heap after
{Heap after GC invocations=20 (full 0):
 garbage-first heap   total 155648K, used 67564K [0x0000000080000000, 0x0000000100000000)
  region size 1024K, 9 young (9216K), 9 survivors (9216K)
 Metaspace       used 80924K, capacity 83016K, committed 83108K, reserved 1122304K
  class space    used 10566K, capacity 11343K, committed 11392K, reserved 1048576K
}
Event: 41.804 GC heap before
{Heap before GC invocations=20 (full 0):
 garbage-first heap   total 155648K, used 123884K [0x0000000080000000, 0x0000000100000000)
  region size 1024K, 65 young (66560K), 9 survivors (9216K)
 Metaspace       used 81567K, capacity 83604K, committed 83620K, reserved 1122304K
  class space    used 10602K, capacity 11390K, committed 11392K, reserved 1048576K
}
Event: 41.838 GC heap after
{Heap after GC invocations=21 (full 0):
 garbage-first heap   total 155648K, used 71458K [0x0000000080000000, 0x0000000100000000)
  region size 1024K, 9 young (9216K), 9 survivors (9216K)
 Metaspace       used 81567K, capacity 83604K, committed 83620K, reserved 1122304K
  class space    used 10602K, capacity 11390K, committed 11392K, reserved 1048576K
}
Event: 44.246 GC heap before
{Heap before GC invocations=21 (full 0):
 garbage-first heap   total 155648K, used 83746K [0x0000000080000000, 0x0000000100000000)
  region size 1024K, 23 young (23552K), 9 survivors (9216K)
 Metaspace       used 82312K, capacity 84388K, committed 84516K, reserved 1122304K
  class space    used 10709K, capacity 11501K, committed 11520K, reserved 1048576K
}
Event: 44.268 GC heap after
{Heap after GC invocations=22 (full 0):
 garbage-first heap   total 155648K, used 72192K [0x0000000080000000, 0x0000000100000000)
  region size 1024K, 5 young (5120K), 5 survivors (5120K)
 Metaspace       used 82312K, capacity 84388K, committed 84516K, reserved 1122304K
  class space    used 10709K, capacity 11501K, committed 11520K, reserved 1048576K
}

Deoptimization events (20 events):
Event: 43.160 Thread 0x0000017baf45c000 Uncommon trap: trap_request=0xffffff4d fr.pc=0x0000017b9f9aa85c relative=0x00000000000001fc
Event: 43.160 Thread 0x0000017baf45c000 Uncommon trap: reason=unstable_if action=reinterpret pc=0x0000017b9f9aa85c method=org.gradle.internal.util.Trie.find(Ljava/lang/CharSequence;)Z @ 91 c2
Event: 43.160 Thread 0x0000017baf45c000 DEOPT PACKING pc=0x0000017b9f9aa85c sp=0x00000030a6dfb890
Event: 43.160 Thread 0x0000017baf45c000 DEOPT UNPACKING pc=0x0000017b97b562a9 sp=0x00000030a6dfb7e8 mode 2
Event: 44.011 Thread 0x0000017baf45c000 Uncommon trap: trap_request=0xffffff4d fr.pc=0x0000017b9f9744e4 relative=0x0000000000000264
Event: 44.011 Thread 0x0000017baf45c000 Uncommon trap: reason=unstable_if action=reinterpret pc=0x0000017b9f9744e4 method=java.lang.Class.getTypeName()Ljava/lang/String; @ 23 c2
Event: 44.011 Thread 0x0000017baf45c000 DEOPT PACKING pc=0x0000017b9f9744e4 sp=0x00000030a6dfa9e0
Event: 44.011 Thread 0x0000017baf45c000 DEOPT UNPACKING pc=0x0000017b97b562a9 sp=0x00000030a6dfa9a8 mode 2
Event: 44.079 Thread 0x0000017baf45c000 Uncommon trap: trap_request=0xffffff4d fr.pc=0x0000017b9f6ab29c relative=0x000000000000043c
Event: 44.079 Thread 0x0000017baf45c000 Uncommon trap: reason=unstable_if action=reinterpret pc=0x0000017b9f6ab29c method=sun.nio.cs.UTF_8$Encoder.encodeArrayLoop(Ljava/nio/CharBuffer;Ljava/nio/ByteBuffer;)Ljava/nio/charset/CoderResult; @ 113 c2
Event: 44.079 Thread 0x0000017baf45c000 DEOPT PACKING pc=0x0000017b9f6ab29c sp=0x00000030a6dfb400
Event: 44.079 Thread 0x0000017baf45c000 DEOPT UNPACKING pc=0x0000017b97b562a9 sp=0x00000030a6dfb368 mode 2
Event: 44.170 Thread 0x0000017baf45c000 Uncommon trap: trap_request=0xffffff4d fr.pc=0x0000017b9fb3c0e4 relative=0x0000000000000764
Event: 44.170 Thread 0x0000017baf45c000 Uncommon trap: reason=unstable_if action=reinterpret pc=0x0000017b9fb3c0e4 method=org.gradle.internal.file.DefaultFileHierarchySet$Node.isChildOfOrThis(Ljava/lang/String;I)Z @ 35 c2
Event: 44.170 Thread 0x0000017baf45c000 DEOPT PACKING pc=0x0000017b9fb3c0e4 sp=0x00000030a6dfc060
Event: 44.170 Thread 0x0000017baf45c000 DEOPT UNPACKING pc=0x0000017b97b562a9 sp=0x00000030a6dfbf80 mode 2
Event: 44.239 Thread 0x0000017baf45c000 Uncommon trap: trap_request=0xffffffc6 fr.pc=0x0000017b9fb37308 relative=0x00000000000002a8
Event: 44.239 Thread 0x0000017baf45c000 Uncommon trap: reason=bimorphic_or_optimized_type_check action=maybe_recompile pc=0x0000017b9fb37308 method=java.util.stream.ReduceOps$ReduceOp.evaluateSequential(Ljava/util/stream/PipelineHelper;Ljava/util/Spliterator;)Ljava/lang/Object; @ 2 c2
Event: 44.239 Thread 0x0000017baf45c000 DEOPT PACKING pc=0x0000017b9fb37308 sp=0x00000030a6dfc650
Event: 44.239 Thread 0x0000017baf45c000 DEOPT UNPACKING pc=0x0000017b97b562a9 sp=0x00000030a6dfc5d0 mode 2

Classes redefined (0 events):
No events

Internal exceptions (20 events):
Event: 32.229 Thread 0x0000017bb12e6800 Exception <a 'java/lang/NoSuchMethodError'{0x00000000877876d8}: 'java.lang.Object java.lang.invoke.DirectMethodHandle$Holder.invokeInterface(java.lang.Object, java.lang.Object, int)'> (0x00000000877876d8) thrown at [./src/hotspot/share/interpreter/linkResolver.cpp, line 773]
Event: 32.236 Thread 0x0000017bb12e6800 Exception <a 'java/lang/NoSuchMethodError'{0x00000000877996b8}: 'void java.lang.invoke.DirectMethodHandle$Holder.invokeStatic(java.lang.Object, java.lang.Object, java.lang.Object, int)'> (0x00000000877996b8) thrown at [./src/hotspot/share/interpreter/linkResolver.cpp, line 773]
Event: 32.310 Thread 0x0000017bb12e6800 Exception <a 'java/lang/IncompatibleClassChangeError'{0x0000000086f6e7b8}: Found class java.lang.Object, but interface was expected> (0x0000000086f6e7b8) thrown at [./src/hotspot/share/interpreter/linkResolver.cpp, line 839]
Event: 32.333 Thread 0x0000017bb12e6800 Exception <a 'java/lang/IncompatibleClassChangeError'{0x0000000086faa4d0}: Found class java.lang.Object, but interface was expected> (0x0000000086faa4d0) thrown at [./src/hotspot/share/interpreter/linkResolver.cpp, line 839]
Event: 32.453 Thread 0x0000017bb12e6800 Exception <a 'java/lang/NoSuchMethodError'{0x0000000086dd6d90}: 'int java.lang.invoke.DirectMethodHandle$Holder.invokeStaticInit(java.lang.Object, java.lang.Object, java.lang.Object, java.lang.Object, java.lang.Object)'> (0x0000000086dd6d90) thrown at [./src/hotspot/share/interpreter/linkResolver.cpp, line 773]
Event: 32.935 Thread 0x0000017bb12e6800 Exception <a 'java/lang/NoSuchMethodError'{0x00000000866063b0}: 'void java.lang.invoke.DirectMethodHandle$Holder.invokeStatic(java.lang.Object, java.lang.Object, java.lang.Object, java.lang.Object, int, java.lang.Object, java.lang.Object)'> (0x00000000866063b0) thrown at [./src/hotspot/share/interpreter/linkResolver.cpp, line 773]
Event: 33.019 Thread 0x0000017bb338c000 Exception <a 'java/lang/NoSuchMethodError'{0x00000000863a12a0}: 'java.lang.Object java.lang.invoke.DirectMethodHandle$Holder.invokeSpecialIFC(java.lang.Object, java.lang.Object, java.lang.Object)'> (0x00000000863a12a0) thrown at [./src/hotspot/share/interpreter/linkResolver.cpp, line 773]
Event: 33.642 Thread 0x0000017bb338c000 Exception <a 'java/lang/NoSuchMethodError'{0x0000000089643f40}: 'void java.lang.invoke.DirectMethodHandle$Holder.invokeVirtual(java.lang.Object, java.lang.Object)'> (0x0000000089643f40) thrown at [./src/hotspot/share/interpreter/linkResolver.cpp, line 773]
Event: 37.268 Thread 0x0000017baf45c000 Exception <a 'java/lang/NoSuchMethodError'{0x0000000086989518}: <clinit>> (0x0000000086989518) thrown at [./src/hotspot/share/prims/jni.cpp, line 1362]
Event: 37.269 Thread 0x0000017baf45c000 Exception <a 'java/lang/NoSuchMethodError'{0x000000008698b5c0}: <clinit>> (0x000000008698b5c0) thrown at [./src/hotspot/share/prims/jni.cpp, line 1362]
Event: 37.269 Thread 0x0000017baf45c000 Exception <a 'java/lang/NoSuchMethodError'{0x000000008698e200}: <clinit>> (0x000000008698e200) thrown at [./src/hotspot/share/prims/jni.cpp, line 1362]
Event: 37.272 Thread 0x0000017baf45c000 Exception <a 'java/lang/NoSuchMethodError'{0x000000008689d020}: <clinit>> (0x000000008689d020) thrown at [./src/hotspot/share/prims/jni.cpp, line 1362]
Event: 37.272 Thread 0x0000017baf45c000 Exception <a 'java/lang/NoSuchMethodError'{0x000000008689ecf8}: <clinit>> (0x000000008689ecf8) thrown at [./src/hotspot/share/prims/jni.cpp, line 1362]
Event: 38.805 Thread 0x0000017bb12e6800 Exception <a 'java/lang/NoSuchMethodError'{0x00000000885bf2d8}: 'int java.lang.invoke.DirectMethodHandle$Holder.invokeSpecial(java.lang.Object, java.lang.Object, java.lang.Object, java.lang.Object, java.lang.Object)'> (0x00000000885bf2d8) thrown at [./src/hotspot/share/interpreter/linkResolver.cpp, line 773]
Event: 41.640 Thread 0x0000017bb3394000 Implicit null exception at 0x0000017b9fbad582 to 0x0000017b9fbadd60
Event: 41.735 Thread 0x0000017bb3397800 Implicit null exception at 0x0000017b9fbb03d2 to 0x0000017b9fbb07d8
Event: 43.315 Thread 0x0000017baf45c000 Exception <a 'sun/nio/fs/WindowsException'{0x0000000088c24a18}> (0x0000000088c24a18) thrown at [./src/hotspot/share/prims/jni.cpp, line 615]
Event: 43.315 Thread 0x0000017baf45c000 Exception <a 'sun/nio/fs/WindowsException'{0x0000000088c24b88}> (0x0000000088c24b88) thrown at [./src/hotspot/share/prims/jni.cpp, line 615]
Event: 43.317 Thread 0x0000017baf45c000 Exception <a 'sun/nio/fs/WindowsException'{0x0000000088c35428}> (0x0000000088c35428) thrown at [./src/hotspot/share/prims/jni.cpp, line 615]
Event: 44.166 Thread 0x0000017baf45c000 Exception <a 'java/lang/NoSuchMethodError'{0x0000000088a3eb88}: 'int java.lang.invoke.DirectMethodHandle$Holder.invokeVirtual(java.lang.Object, java.lang.Object, java.lang.Object)'> (0x0000000088a3eb88) thrown at [./src/hotspot/share/interpreter/linkResolver.cpp, line 773]

Events (20 events):
Event: 44.220 loading class net/rubygrapefruit/platform/file/FileSystemInfo done
Event: 44.223 loading class net/rubygrapefruit/platform/internal/FileSystemList$DefaultCaseSensitivity
Event: 44.223 loading class net/rubygrapefruit/platform/internal/FileSystemList$DefaultCaseSensitivity done
Event: 44.237 loading class net/rubygrapefruit/platform/file/FileSystemInfo
Event: 44.237 loading class net/rubygrapefruit/platform/file/FileSystemInfo done
Event: 44.237 loading class net/rubygrapefruit/platform/file/FileSystemInfo
Event: 44.237 loading class net/rubygrapefruit/platform/file/FileSystemInfo done
Event: 44.238 loading class org/gradle/internal/watch/registry/impl/WatchableHierarchies$Invalidator
Event: 44.238 loading class org/gradle/internal/watch/registry/impl/WatchableHierarchies$Invalidator done
Event: 44.238 loading class org/gradle/internal/snapshot/SnapshotHierarchy
Event: 44.238 loading class org/gradle/internal/snapshot/SnapshotHierarchy done
Event: 44.238 loading class org/gradle/internal/watch/registry/impl/WatchableHierarchies$Invalidator
Event: 44.238 loading class org/gradle/internal/watch/registry/impl/WatchableHierarchies$Invalidator done
Event: 44.238 loading class org/gradle/internal/watch/registry/impl/Combiners
Event: 44.238 loading class org/gradle/internal/watch/registry/impl/Combiners done
Event: 44.240 loading class org/gradle/internal/watch/vfs/impl/DefaultFileSystemWatchingStatistics
Event: 44.240 loading class org/gradle/internal/watch/vfs/impl/DefaultFileSystemWatchingStatistics done
Event: 44.241 loading class com/google/common/collect/EnumMultiset
Event: 44.241 loading class com/google/common/collect/EnumMultiset done
Event: 44.245 Executing VM operation: CollectForMetadataAllocation


Dynamic libraries:
0x00007ff770da0000 - 0x00007ff770daa000 	C:\Program Files\Android\Android Studio\jre\bin\java.exe
0x00007ff912250000 - 0x00007ff912445000 	C:\Windows\SYSTEM32\ntdll.dll
0x00007ff911360000 - 0x00007ff91141e000 	C:\Windows\System32\KERNEL32.DLL
0x00007ff90fe30000 - 0x00007ff9100f8000 	C:\Windows\System32\KERNELBASE.dll
0x00007ff90fb80000 - 0x00007ff90fc80000 	C:\Windows\System32\ucrtbase.dll
0x00007ff8e6770000 - 0x00007ff8e6789000 	C:\Program Files\Android\Android Studio\jre\bin\jli.dll
0x00007ff9103c0000 - 0x00007ff910561000 	C:\Windows\System32\USER32.dll
0x00007ff90f960000 - 0x00007ff90f982000 	C:\Windows\System32\win32u.dll
0x00007ff911d80000 - 0x00007ff911dab000 	C:\Windows\System32\GDI32.dll
0x00007ff90fa70000 - 0x00007ff90fb7d000 	C:\Windows\System32\gdi32full.dll
0x00007ff9101f0000 - 0x00007ff91028d000 	C:\Windows\System32\msvcp_win.dll
0x00007ff8fe230000 - 0x00007ff8fe4ca000 	C:\Windows\WinSxS\amd64_microsoft.windows.common-controls_6595b64144ccf1df_6.0.19041.1110_none_60b5254171f9507e\COMCTL32.dll
0x00007ff910c10000 - 0x00007ff910cae000 	C:\Windows\System32\msvcrt.dll
0x00007ff8e6650000 - 0x00007ff8e6667000 	C:\Program Files\Android\Android Studio\jre\bin\VCRUNTIME140.dll
0x00007ff9120f0000 - 0x00007ff912120000 	C:\Windows\System32\IMM32.DLL
0x00007ff8df800000 - 0x00007ff8df89d000 	C:\Program Files\Android\Android Studio\jre\bin\msvcp140.dll
0x00007ff8bc890000 - 0x00007ff8bd365000 	C:\Program Files\Android\Android Studio\jre\bin\server\jvm.dll
0x00007ff910a20000 - 0x00007ff910acc000 	C:\Windows\System32\ADVAPI32.dll
0x00007ff912050000 - 0x00007ff9120eb000 	C:\Windows\System32\sechost.dll
0x00007ff911e60000 - 0x00007ff911f8a000 	C:\Windows\System32\RPCRT4.dll
0x00007ff912120000 - 0x00007ff912128000 	C:\Windows\System32\PSAPI.DLL
0x00007ff90b3f0000 - 0x00007ff90b3f9000 	C:\Windows\SYSTEM32\WSOCK32.dll
0x00007ff9112f0000 - 0x00007ff91135b000 	C:\Windows\System32\WS2_32.dll
0x00007ff8f9980000 - 0x00007ff8f99a7000 	C:\Windows\SYSTEM32\WINMM.dll
0x00007ff8ff760000 - 0x00007ff8ff76a000 	C:\Windows\SYSTEM32\VERSION.dll
0x00007ff90d850000 - 0x00007ff90d862000 	C:\Windows\SYSTEM32\kernel.appcore.dll
0x00007ff90b3b0000 - 0x00007ff90b3c1000 	C:\Program Files\Android\Android Studio\jre\bin\verify.dll
0x00007ff8fbf10000 - 0x00007ff8fc0f4000 	C:\Windows\SYSTEM32\DBGHELP.DLL
0x00007ff8fbea0000 - 0x00007ff8fbecc000 	C:\Windows\SYSTEM32\dbgcore.DLL
0x00007ff910160000 - 0x00007ff9101e2000 	C:\Windows\System32\bcryptPrimitives.dll
0x00007ff90b350000 - 0x00007ff90b379000 	C:\Program Files\Android\Android Studio\jre\bin\java.dll
0x00007ff90b340000 - 0x00007ff90b34b000 	C:\Program Files\Android\Android Studio\jre\bin\jimage.dll
0x00007ff9090a0000 - 0x00007ff9090b8000 	C:\Program Files\Android\Android Studio\jre\bin\zip.dll
0x00007ff911630000 - 0x00007ff911d74000 	C:\Windows\System32\SHELL32.dll
0x00007ff90da50000 - 0x00007ff90e1e4000 	C:\Windows\SYSTEM32\windows.storage.dll
0x00007ff910660000 - 0x00007ff9109b5000 	C:\Windows\System32\combase.dll
0x00007ff90f3b0000 - 0x00007ff90f3de000 	C:\Windows\SYSTEM32\Wldp.dll
0x00007ff911db0000 - 0x00007ff911e5d000 	C:\Windows\System32\SHCORE.dll
0x00007ff9115d0000 - 0x00007ff911625000 	C:\Windows\System32\shlwapi.dll
0x00007ff90f8a0000 - 0x00007ff90f8bf000 	C:\Windows\SYSTEM32\profapi.dll
0x00007ff9085c0000 - 0x00007ff9085da000 	C:\Program Files\Android\Android Studio\jre\bin\net.dll
0x00007ff8fdad0000 - 0x00007ff8fdbdc000 	C:\Windows\SYSTEM32\WINHTTP.dll
0x00007ff90f0a0000 - 0x00007ff90f10a000 	C:\Windows\system32\mswsock.dll
0x00007ff901cd0000 - 0x00007ff901ce4000 	C:\Program Files\Android\Android Studio\jre\bin\nio.dll
0x00007ff8ed9e0000 - 0x00007ff8eda07000 	C:\Users\Admin\.gradle\native\e1d6ef7f7dcc3fd88c89a11ec53ec762bb8ba0a96d01ffa2cd45eb1d1d8dd5c5\windows-amd64\native-platform.dll
0x00007ff8e1450000 - 0x00007ff8e1594000 	C:\Users\Admin\.gradle\native\5664cfc778a61ccfe75a443a1ab52a65af34e5dc3c78e0209fed803814484fcb\windows-amd64\native-platform-file-events.dll
0x00007ff909090000 - 0x00007ff90909a000 	C:\Program Files\Android\Android Studio\jre\bin\management.dll
0x00007ff9085b0000 - 0x00007ff9085bd000 	C:\Program Files\Android\Android Studio\jre\bin\management_ext.dll
0x00007ff90f290000 - 0x00007ff90f2a8000 	C:\Windows\SYSTEM32\CRYPTSP.dll
0x00007ff90e9c0000 - 0x00007ff90e9f4000 	C:\Windows\system32\rsaenh.dll
0x00007ff90f990000 - 0x00007ff90f9b7000 	C:\Windows\System32\bcrypt.dll
0x00007ff90f820000 - 0x00007ff90f84e000 	C:\Windows\SYSTEM32\USERENV.dll
0x00007ff90f2b0000 - 0x00007ff90f2bc000 	C:\Windows\SYSTEM32\CRYPTBASE.dll
0x00007ff90ed90000 - 0x00007ff90edcb000 	C:\Windows\SYSTEM32\IPHLPAPI.DLL
0x00007ff910ad0000 - 0x00007ff910ad8000 	C:\Windows\System32\NSI.dll
0x00007ff9019b0000 - 0x00007ff9019c7000 	C:\Windows\SYSTEM32\dhcpcsvc6.DLL
0x00007ff901920000 - 0x00007ff90193d000 	C:\Windows\SYSTEM32\dhcpcsvc.DLL
0x00007ff90edd0000 - 0x00007ff90ee9b000 	C:\Windows\SYSTEM32\DNSAPI.dll

dbghelp: loaded successfully - version: 4.0.5 - missing functions: none
symbol engine: initialized successfully - sym options: 0x614 - pdb path: .;C:\Program Files\Android\Android Studio\jre\bin;C:\Windows\SYSTEM32;C:\Windows\WinSxS\amd64_microsoft.windows.common-controls_6595b64144ccf1df_6.0.19041.1110_none_60b5254171f9507e;C:\Program Files\Android\Android Studio\jre\bin\server;C:\Users\Admin\.gradle\native\e1d6ef7f7dcc3fd88c89a11ec53ec762bb8ba0a96d01ffa2cd45eb1d1d8dd5c5\windows-amd64;C:\Users\Admin\.gradle\native\5664cfc778a61ccfe75a443a1ab52a65af34e5dc3c78e0209fed803814484fcb\windows-amd64

VM Arguments:
jvm_args: --add-opens=java.base/java.util=ALL-UNNAMED --add-opens=java.base/java.lang=ALL-UNNAMED --add-opens=java.base/java.lang.invoke=ALL-UNNAMED --add-opens=java.base/java.util=ALL-UNNAMED --add-opens=java.prefs/java.util.prefs=ALL-UNNAMED --add-opens=java.prefs/java.util.prefs=ALL-UNNAMED --add-opens=java.base/java.nio.charset=ALL-UNNAMED --add-opens=java.base/java.net=ALL-UNNAMED --add-opens=java.base/java.util.concurrent.atomic=ALL-UNNAMED -Xmx2048m -Dfile.encoding=UTF-8 -Duser.country=US -Duser.language=en -Duser.variant 
java_command: org.gradle.launcher.daemon.bootstrap.GradleDaemon 7.2
java_class_path (initial): C:\Users\Admin\.gradle\wrapper\dists\gradle-7.2-bin\2dnblmf4td7x66yl1d74lt32g\gradle-7.2\lib\gradle-launcher-7.2.jar
Launcher Type: SUN_STANDARD

[Global flags]
     intx CICompilerCount                          = 2                                         {product} {ergonomic}
     uint ConcGCThreads                            = 1                                         {product} {ergonomic}
     uint G1ConcRefinementThreads                  = 2                                         {product} {ergonomic}
   size_t G1HeapRegionSize                         = 1048576                                   {product} {ergonomic}
    uintx GCDrainStackTargetSize                   = 64                                        {product} {ergonomic}
   size_t InitialHeapSize                          = 132120576                                 {product} {ergonomic}
   size_t MarkStackSize                            = 4194304                                   {product} {ergonomic}
   size_t MaxHeapSize                              = 2147483648                                {product} {command line}
   size_t MaxNewSize                               = 1287651328                                {product} {ergonomic}
   size_t MinHeapDeltaBytes                        = 1048576                                   {product} {ergonomic}
    uintx NonNMethodCodeHeapSize                   = 5825164                                {pd product} {ergonomic}
    uintx NonProfiledCodeHeapSize                  = 122916538                              {pd product} {ergonomic}
    uintx ProfiledCodeHeapSize                     = 122916538                              {pd product} {ergonomic}
    uintx ReservedCodeCacheSize                    = 251658240                              {pd product} {ergonomic}
     bool SegmentedCodeCache                       = true                                      {product} {ergonomic}
     bool UseCompressedClassPointers               = true                                 {lp64_product} {ergonomic}
     bool UseCompressedOops                        = true                                 {lp64_product} {ergonomic}
     bool UseG1GC                                  = true                                      {product} {ergonomic}
     bool UseLargePagesIndividualAllocation        = false                                  {pd product} {ergonomic}

Logging:
Log output configuration:
 #0: stdout all=warning uptime,level,tags
 #1: stderr all=off uptime,level,tags

Environment Variables:
PATH=C:\Windows\system32;C:\Windows;C:\Windows\System32\Wbem;C:\Windows\System32\WindowsPowerShell\v1.0\;C:\Windows\System32\OpenSSH\;C:\Program Files\Git\cmd;C:\Users\Admin\AppData\Local\Microsoft\WindowsApps;
USERNAME=Admin
OS=Windows_NT
PROCESSOR_IDENTIFIER=Intel64 Family 6 Model 156 Stepping 0, GenuineIntel



---------------  S Y S T E M  ---------------

OS: Windows 10 , 64 bit Build 19041 (10.0.19041.1348)
OS uptime: 0 days 11:54 hours

CPU:total 2 (initial active 2) (2 cores per cpu, 1 threads per core) family 6 model 156 stepping 0 microcode 0x1d, cmov, cx8, fxsr, mmx, sse, sse2, sse3, ssse3, sse4.1, sse4.2, popcnt, aes, clmul, erms, 3dnowpref, tsc, tscinvbit, sha

Memory: 4k page, system-wide physical 7997M (407M free)
TotalPageFile size 23182M (AvailPageFile size 0M)
current process WorkingSet (physical memory assigned to process): 372M, peak: 375M
current process commit charge ("private bytes"): 412M, peak: 418M

vm_info: OpenJDK 64-Bit Server VM (11.0.11+9-b60-7590822) for windows-amd64 JRE (11.0.11+9-b60-7590822), built on Jul 29 2021 21:43:44 by "builder" with MS VC++ 14.0 (VS2015)

END.
